{"logTime": "1122/111845", "correlationVector":"2sIog+KT9KX1kln7qVvGRL.76","action":"GetUpdates", "result":"DeleteReceived", "context":{"id":"6b678b33-b318-44f6-b1a0-023f8fa9e618", "isDeleted:":"true", "version":"1728585117608"}}
{"logTime": "1122/111845", "correlationVector":"2sIog+KT9KX1kln7qVvGRL.77","action":"GetUpdates", "result":"DeleteReceived", "context":{"id":"5466880e-13b1-4a5f-8548-084b1ea1cf0f", "isDeleted:":"true", "version":"1728585117609"}}
{"logTime": "1122/111845", "correlationVector":"2sIog+KT9KX1kln7qVvGRL.78","action":"GetUpdates", "result":"DeleteReceived", "context":{"id":"730d9218-14e6-46ef-9020-9e8a8ed2aae0", "isDeleted:":"true", "version":"1728585117611"}}
{"logTime": "1122/111845", "correlationVector":"2sIog+KT9KX1kln7qVvGRL.79","action":"GetUpdates", "result":"DeleteReceived", "context":{"id":"a7261d4c-5ed9-4d37-b58c-06b549dbdfe9", "isDeleted:":"true", "version":"1728586049762"}}
{"logTime": "1122/111845", "correlationVector":"2sIog+KT9KX1kln7qVvGRL.80","action":"GetUpdates", "result":"DeleteReceived", "context":{"id":"f826b04a-297d-48aa-9b6a-5f268db3825f", "isDeleted:":"true", "version":"1728586049764"}}
{"logTime": "1122/111845", "correlationVector":"2sIog+KT9KX1kln7qVvGRL.81","action":"GetUpdates", "result":"DeleteReceived", "context":{"id":"50255f39-712f-48ae-8811-2420178276f5", "isDeleted:":"true", "version":"1728586457723"}}
{"logTime": "1122/111845", "correlationVector":"2sIog+KT9KX1kln7qVvGRL.82","action":"GetUpdates", "result":"DeleteReceived", "context":{"id":"32bebeb0-8751-4690-b098-bb5b91d57308", "isDeleted:":"true", "version":"1728587515072"}}
{"logTime": "1122/111845", "correlationVector":"2sIog+KT9KX1kln7qVvGRL.83","action":"GetUpdates", "result":"DeleteReceived", "context":{"id":"aba62899-132e-4446-b00b-3b4854e2cfac", "isDeleted:":"true", "version":"1728587515073"}}
{"logTime": "1122/111845", "correlationVector":"2sIog+KT9KX1kln7qVvGRL.84","action":"GetUpdates", "result":"DeleteReceived", "context":{"id":"b1eb95e6-57bf-468b-a12c-1b9733889a9d", "isDeleted:":"true", "version":"1728587515074"}}
{"logTime": "1122/111845", "correlationVector":"2sIog+KT9KX1kln7qVvGRL.85","action":"GetUpdates", "result":"DeleteReceived", "context":{"id":"0e5c84ee-f023-4e44-9ee7-fd564eeab0f1", "isDeleted:":"true", "version":"1728731586390"}}
{"logTime": "1122/111845", "correlationVector":"2sIog+KT9KX1kln7qVvGRL.86","action":"GetUpdates", "result":"DeleteReceived", "context":{"id":"24e543a7-016f-4cec-913c-2e22f43496f6", "isDeleted:":"true", "version":"1728732886112"}}
{"logTime": "1122/111845", "correlationVector":"2sIog+KT9KX1kln7qVvGRL.87","action":"GetUpdates", "result":"DeleteReceived", "context":{"id":"6b96bce9-0d1b-4abe-814d-45a97f524b01", "isDeleted:":"true", "version":"1728733496608"}}
{"logTime": "1122/111845", "correlationVector":"2sIog+KT9KX1kln7qVvGRL.88","action":"GetUpdates", "result":"DeleteReceived", "context":{"id":"7315e394-0edf-4e4c-9943-90214627eb08", "isDeleted:":"true", "version":"1728733496609"}}
{"logTime": "1122/111845", "correlationVector":"2sIog+KT9KX1kln7qVvGRL.89","action":"GetUpdates", "result":"DeleteReceived", "context":{"id":"2e44cd0e-b865-417b-bf79-41703761dbec", "isDeleted:":"true", "version":"1728737178322"}}
{"logTime": "1122/111845", "correlationVector":"2sIog+KT9KX1kln7qVvGRL.90","action":"GetUpdates", "result":"DeleteReceived", "context":{"id":"94a64791-221f-468f-aea3-38e42b4c29dc", "isDeleted:":"true", "version":"1728737886964"}}
{"logTime": "1122/111845", "correlationVector":"2sIog+KT9KX1kln7qVvGRL.91","action":"GetUpdates", "result":"DeleteReceived", "context":{"id":"7f560be5-3a4f-4bb0-a2e2-a7464fa5a710", "isDeleted:":"true", "version":"1728737886965"}}
{"logTime": "1122/111845", "correlationVector":"2sIog+KT9KX1kln7qVvGRL.92","action":"GetUpdates", "result":"DeleteReceived", "context":{"id":"9197d918-ff0b-4d68-8339-1f4adee4d31b", "isDeleted:":"true", "version":"1728741663970"}}
{"logTime": "1122/111845", "correlationVector":"2sIog+KT9KX1kln7qVvGRL.93","action":"GetUpdates", "result":"DeleteReceived", "context":{"id":"f2d470be-1f99-44be-9eed-3eaf8343e46c", "isDeleted:":"true", "version":"1728743650356"}}
{"logTime": "1122/111845", "correlationVector":"2sIog+KT9KX1kln7qVvGRL.94","action":"GetUpdates", "result":"DeleteReceived", "context":{"id":"979a7f22-3ee9-4e35-8b54-65765a76ba5d", "isDeleted:":"true", "version":"1728903336044"}}
{"logTime": "1122/111845", "correlationVector":"2sIog+KT9KX1kln7qVvGRL.95","action":"GetUpdates", "result":"DeleteReceived", "context":{"id":"a3816d3d-b4af-4174-97db-70498154d44b", "isDeleted:":"true", "version":"1728903336045"}}
{"logTime": "1122/111845", "correlationVector":"2sIog+KT9KX1kln7qVvGRL.96","action":"GetUpdates", "result":"DeleteReceived", "context":{"id":"96c13658-4590-4924-9037-f7a777824e4a", "isDeleted:":"true", "version":"1728903336048"}}
{"logTime": "1122/111845", "correlationVector":"2sIog+KT9KX1kln7qVvGRL.97","action":"GetUpdates", "result":"DeleteReceived", "context":{"id":"a3f7ea6d-91d3-4d5f-b08e-50bec20feb88", "isDeleted:":"true", "version":"1728903697801"}}
{"logTime": "1122/111845", "correlationVector":"2sIog+KT9KX1kln7qVvGRL.98","action":"GetUpdates", "result":"DeleteReceived", "context":{"id":"c7c5d885-2f5f-4b3c-b47b-5132c13232e9", "isDeleted:":"true", "version":"1728903896387"}}
{"logTime": "1122/111845", "correlationVector":"2sIog+KT9KX1kln7qVvGRL.99","action":"GetUpdates", "result":"DeleteReceived", "context":{"id":"ce35eea1-d795-4aaf-b95e-534331095e6e", "isDeleted:":"true", "version":"1728904150116"}}
{"logTime": "1122/111845", "correlationVector":"2sIog+KT9KX1kln7qVvGRL.100","action":"GetUpdates", "result":"DeleteReceived", "context":{"id":"117473f2-b723-47f5-86a1-7dc04121e6fd", "isDeleted:":"true", "version":"1728904208351"}}
{"logTime": "1122/111845", "correlationVector":"2sIog+KT9KX1kln7qVvGRL.101","action":"GetUpdates", "result":"DeleteReceived", "context":{"id":"dc776b72-dbbe-4924-8c8e-da60d6738bfe", "isDeleted:":"true", "version":"1728904427055"}}
{"logTime": "1122/111845", "correlationVector":"2sIog+KT9KX1kln7qVvGRL.102","action":"GetUpdates", "result":"DeleteReceived", "context":{"id":"755b61b2-cfa2-421f-bf30-5a6547de525a", "isDeleted:":"true", "version":"1728907903471"}}
{"logTime": "1122/111845", "correlationVector":"2sIog+KT9KX1kln7qVvGRL.103","action":"GetUpdates", "result":"DeleteReceived", "context":{"id":"cddcbeb0-6004-42a5-95f6-c3e1e2b98c89", "isDeleted:":"true", "version":"1728907998071"}}
{"logTime": "1122/111845", "correlationVector":"2sIog+KT9KX1kln7qVvGRL.104","action":"GetUpdates", "result":"DeleteReceived", "context":{"id":"08177ea3-9b17-460b-9778-84c0431737be", "isDeleted:":"true", "version":"1728934147399"}}
{"logTime": "1122/111845", "correlationVector":"2sIog+KT9KX1kln7qVvGRL.105","action":"GetUpdates", "result":"DeleteReceived", "context":{"id":"082dbdb9-9a1d-4552-9e42-172c2976169c", "isDeleted:":"true", "version":"1728988402335"}}
{"logTime": "1122/111845", "correlationVector":"2sIog+KT9KX1kln7qVvGRL.106","action":"GetUpdates", "result":"DeleteReceived", "context":{"id":"8804002d-1cd8-47f5-b773-a0a4b60e0718", "isDeleted:":"true", "version":"1728991162229"}}
{"logTime": "1122/111845", "correlationVector":"2sIog+KT9KX1kln7qVvGRL.107","action":"GetUpdates", "result":"DeleteReceived", "context":{"id":"cd9d9bdb-fde9-4ac1-a966-f8b60e9d2e04", "isDeleted:":"true", "version":"1728996659185"}}
{"logTime": "1122/111845", "correlationVector":"2sIog+KT9KX1kln7qVvGRL.108","action":"GetUpdates", "result":"DeleteReceived", "context":{"id":"577d5607-9297-438a-946b-15375888de79", "isDeleted:":"true", "version":"1729003659935"}}
{"logTime": "1122/111845", "correlationVector":"2sIog+KT9KX1kln7qVvGRL.109","action":"GetUpdates", "result":"DeleteReceived", "context":{"id":"d228f699-9eaf-4a83-b98e-a74f9a77dd42", "isDeleted:":"true", "version":"1729005506975"}}
{"logTime": "1122/111845", "correlationVector":"2sIog+KT9KX1kln7qVvGRL.110","action":"GetUpdates", "result":"DeleteReceived", "context":{"id":"6a919e82-03ce-4365-bea0-8091bdc84f96", "isDeleted:":"true", "version":"1729060851787"}}
{"logTime": "1122/111845", "correlationVector":"2sIog+KT9KX1kln7qVvGRL.111","action":"GetUpdates", "result":"DeleteReceived", "context":{"id":"8041d220-b9da-43c1-a916-90774be85073", "isDeleted:":"true", "version":"1729060851789"}}
{"logTime": "1122/111845", "correlationVector":"2sIog+KT9KX1kln7qVvGRL.112","action":"GetUpdates", "result":"DeleteReceived", "context":{"id":"07a8c539-fed6-4f0e-8641-d30416716e0e", "isDeleted:":"true", "version":"1729079724672"}}
{"logTime": "1122/111845", "correlationVector":"2sIog+KT9KX1kln7qVvGRL.113","action":"GetUpdates", "result":"DeleteReceived", "context":{"id":"a0b6e6de-d82d-4591-a49f-d7a4fe9ce2e0", "isDeleted:":"true", "version":"1729079724674"}}
{"logTime": "1122/111845", "correlationVector":"2sIog+KT9KX1kln7qVvGRL.114","action":"GetUpdates", "result":"DeleteReceived", "context":{"id":"118e64b2-ac33-4139-84d9-ad914dfcef76", "isDeleted:":"true", "version":"1729086372535"}}
{"logTime": "1122/111845", "correlationVector":"2sIog+KT9KX1kln7qVvGRL.115","action":"GetUpdates", "result":"DeleteReceived", "context":{"id":"6b60527e-cd68-4a3d-9a9c-bd165f21f1a4", "isDeleted:":"true", "version":"1729086372536"}}
{"logTime": "1122/111845", "correlationVector":"2sIog+KT9KX1kln7qVvGRL.116","action":"GetUpdates", "result":"DeleteReceived", "context":{"id":"07b121f7-a7e8-4b26-af38-70dba04eada4", "isDeleted:":"true", "version":"1729086372538"}}
{"logTime": "1122/111845", "correlationVector":"2sIog+KT9KX1kln7qVvGRL.117","action":"GetUpdates", "result":"DeleteReceived", "context":{"id":"f4c72cc7-169e-433d-b648-a73614ef50d8", "isDeleted:":"true", "version":"1729086912869"}}
{"logTime": "1122/111845", "correlationVector":"2sIog+KT9KX1kln7qVvGRL.118","action":"GetUpdates", "result":"DeleteReceived", "context":{"id":"3781ad42-82a4-40b7-a178-250b91563812", "isDeleted:":"true", "version":"1729166048955"}}
{"logTime": "1122/111845", "correlationVector":"2sIog+KT9KX1kln7qVvGRL.119","action":"GetUpdates", "result":"DeleteReceived", "context":{"id":"92af3424-3d4e-46f0-b826-8ebf1d5e9f2b", "isDeleted:":"true", "version":"1729166927252"}}
{"logTime": "1122/111845", "correlationVector":"2sIog+KT9KX1kln7qVvGRL.120","action":"GetUpdates", "result":"DeleteReceived", "context":{"id":"3dadb31e-6e09-4e00-b218-5f58adeef7af", "isDeleted:":"true", "version":"1729335945760"}}
{"logTime": "1122/111845", "correlationVector":"2sIog+KT9KX1kln7qVvGRL.121","action":"GetUpdates", "result":"DeleteReceived", "context":{"id":"89aa838b-b978-40c6-b4df-6750a1e28022", "isDeleted:":"true", "version":"1729335945761"}}
{"logTime": "1122/111845", "correlationVector":"2sIog+KT9KX1kln7qVvGRL.122","action":"GetUpdates", "result":"DeleteReceived", "context":{"id":"7a133877-2e4c-49eb-87eb-85c5838a6ca8", "isDeleted:":"true", "version":"1729340659343"}}
{"logTime": "1122/111845", "correlationVector":"2sIog+KT9KX1kln7qVvGRL.123","action":"GetUpdates", "result":"DeleteReceived", "context":{"id":"a21528aa-88d4-41a1-94d5-c4247203dae1", "isDeleted:":"true", "version":"1729340659344"}}
{"logTime": "1122/111845", "correlationVector":"2sIog+KT9KX1kln7qVvGRL.124","action":"GetUpdates", "result":"DeleteReceived", "context":{"id":"fa41270f-a26e-4477-a068-e57b51888fa9", "isDeleted:":"true", "version":"1729341015222"}}
{"logTime": "1122/111845", "correlationVector":"2sIog+KT9KX1kln7qVvGRL.125","action":"GetUpdates", "result":"DeleteReceived", "context":{"id":"035192a2-28c0-4c5f-870a-cf720719d599", "isDeleted:":"true", "version":"1729353359112"}}
{"logTime": "1122/111845", "correlationVector":"2sIog+KT9KX1kln7qVvGRL.126","action":"GetUpdates", "result":"DeleteReceived", "context":{"id":"996da09e-6ed4-4805-a755-9d8fcf4f20b4", "isDeleted:":"true", "version":"1729353359113"}}
{"logTime": "1122/111845", "correlationVector":"2sIog+KT9KX1kln7qVvGRL.127","action":"GetUpdates", "result":"DeleteReceived", "context":{"id":"0bc40510-31ca-4197-ad6a-8b8566d4bd19", "isDeleted:":"true", "version":"1729353359114"}}
{"logTime": "1122/111845", "correlationVector":"2sIog+KT9KX1kln7qVvGRL.128","action":"GetUpdates", "result":"DeleteReceived", "context":{"id":"ec66d7a3-fdc3-47e5-ae9b-5d187b9ec4a2", "isDeleted:":"true", "version":"1729353359116"}}
{"logTime": "1122/111845", "correlationVector":"2sIog+KT9KX1kln7qVvGRL.129","action":"GetUpdates", "result":"DeleteReceived", "context":{"id":"031799ca-79b5-4ead-96ff-aaf78fb05b21", "isDeleted:":"true", "version":"1729353359117"}}
{"logTime": "1122/111845", "correlationVector":"2sIog+KT9KX1kln7qVvGRL.130","action":"GetUpdates", "result":"DeleteReceived", "context":{"id":"7a8efeda-a2c1-4fe5-82dc-d767e2ac13f0", "isDeleted:":"true", "version":"1729354726376"}}
{"logTime": "1122/111845", "correlationVector":"2sIog+KT9KX1kln7qVvGRL.131","action":"GetUpdates", "result":"DeleteReceived", "context":{"id":"7f64ccfc-7185-43ad-8e4c-4880a07daa88", "isDeleted:":"true", "version":"1729404323104"}}
{"logTime": "1122/111845", "correlationVector":"2sIog+KT9KX1kln7qVvGRL.132","action":"GetUpdates", "result":"DeleteReceived", "context":{"id":"b62fe419-6912-455f-9675-53ae6ffec3d5", "isDeleted:":"true", "version":"1729405845125"}}
{"logTime": "1122/111845", "correlationVector":"2sIog+KT9KX1kln7qVvGRL.133","action":"GetUpdates", "result":"DeleteReceived", "context":{"id":"a38bb91d-c2e8-4c21-9938-4863c2b2f3aa", "isDeleted:":"true", "version":"1729612649098"}}
{"logTime": "1122/111845", "correlationVector":"2sIog+KT9KX1kln7qVvGRL.134","action":"GetUpdates", "result":"DeleteReceived", "context":{"id":"d3acdce8-6f0d-4f93-8acc-6fe89917858f", "isDeleted:":"true", "version":"1729612649099"}}
{"logTime": "1122/111845", "correlationVector":"2sIog+KT9KX1kln7qVvGRL.135","action":"GetUpdates", "result":"DeleteReceived", "context":{"id":"880a0b2d-9764-4417-b132-e14f2e326f11", "isDeleted:":"true", "version":"1729613254353"}}
{"logTime": "1122/111845", "correlationVector":"2sIog+KT9KX1kln7qVvGRL.136","action":"GetUpdates", "result":"DeleteReceived", "context":{"id":"ba0b08b6-daff-4329-8b8b-c98e7e2aa93f", "isDeleted:":"true", "version":"1729613254354"}}
{"logTime": "1122/111845", "correlationVector":"2sIog+KT9KX1kln7qVvGRL.137","action":"GetUpdates", "result":"DeleteReceived", "context":{"id":"16b40497-df3b-4e9e-8a71-0e8a9a483b57", "isDeleted:":"true", "version":"1729613254356"}}
{"logTime": "1122/111845", "correlationVector":"2sIog+KT9KX1kln7qVvGRL.138","action":"GetUpdates", "result":"DeleteReceived", "context":{"id":"e1a3088d-63e2-4905-b55b-11e5fca62104", "isDeleted:":"true", "version":"1729673387767"}}
{"logTime": "1122/111845", "correlationVector":"2sIog+KT9KX1kln7qVvGRL.139","action":"GetUpdates", "result":"DeleteReceived", "context":{"id":"29d3c2fa-5ace-4649-87a0-d96039f3499d", "isDeleted:":"true", "version":"1729674369706"}}
{"logTime": "1122/111845", "correlationVector":"2sIog+KT9KX1kln7qVvGRL.140","action":"GetUpdates", "result":"DeleteReceived", "context":{"id":"e8a9848a-91d1-4488-8c43-e4c7e99e6958", "isDeleted:":"true", "version":"1729674457540"}}
{"logTime": "1122/111845", "correlationVector":"2sIog+KT9KX1kln7qVvGRL.141","action":"GetUpdates", "result":"DeleteReceived", "context":{"id":"a6860022-09e6-4d57-8287-34cc2f7d32b3", "isDeleted:":"true", "version":"1729675315002"}}
{"logTime": "1122/111845", "correlationVector":"2sIog+KT9KX1kln7qVvGRL.142","action":"GetUpdates", "result":"DeleteReceived", "context":{"id":"b4040bd6-3359-47ad-a03e-8fb33c080125", "isDeleted:":"true", "version":"1729675351417"}}
{"logTime": "1122/111845", "correlationVector":"2sIog+KT9KX1kln7qVvGRL.143","action":"GetUpdates", "result":"DeleteReceived", "context":{"id":"21a8fe20-61b9-4afc-9439-942693684177", "isDeleted:":"true", "version":"1729675954996"}}
{"logTime": "1122/111845", "correlationVector":"2sIog+KT9KX1kln7qVvGRL.144","action":"GetUpdates", "result":"DeleteReceived", "context":{"id":"84494ddc-bd2a-49b8-ac09-6527d30f82a3", "isDeleted:":"true", "version":"1729675984211"}}
{"logTime": "1122/111845", "correlationVector":"2sIog+KT9KX1kln7qVvGRL.145","action":"GetUpdates", "result":"DeleteReceived", "context":{"id":"0541b8d8-790a-41d3-9c0d-e1371ba1586e", "isDeleted:":"true", "version":"1729678958114"}}
{"logTime": "1122/111845", "correlationVector":"2sIog+KT9KX1kln7qVvGRL.146","action":"GetUpdates", "result":"DeleteReceived", "context":{"id":"fa3a2127-dde8-4acd-954a-701341b33c19", "isDeleted:":"true", "version":"1729678958115"}}
{"logTime": "1122/111845", "correlationVector":"2sIog+KT9KX1kln7qVvGRL.147","action":"GetUpdates", "result":"DeleteReceived", "context":{"id":"fcbc9352-390f-4d17-8edf-b2ad8bbaa0b2", "isDeleted:":"true", "version":"1729682298589"}}
{"logTime": "1122/111845", "correlationVector":"2sIog+KT9KX1kln7qVvGRL.148","action":"GetUpdates", "result":"DeleteReceived", "context":{"id":"14f19f6f-8262-4d0e-ada1-413b7f79800a", "isDeleted:":"true", "version":"1729683025021"}}
{"logTime": "1122/111845", "correlationVector":"2sIog+KT9KX1kln7qVvGRL.149","action":"GetUpdates", "result":"DeleteReceived", "context":{"id":"d8938d26-aee0-439f-ab3c-d84f9a8b148a", "isDeleted:":"true", "version":"1729683633356"}}
{"logTime": "1122/111845", "correlationVector":"2sIog+KT9KX1kln7qVvGRL.150","action":"GetUpdates", "result":"DeleteReceived", "context":{"id":"aa2739ec-414e-402e-9a65-d95d17aa8c0b", "isDeleted:":"true", "version":"1729683633357"}}
{"logTime": "1122/111845", "correlationVector":"2sIog+KT9KX1kln7qVvGRL.151","action":"GetUpdates", "result":"DeleteReceived", "context":{"id":"ae528fd0-eee3-4cd6-a4ef-86afec486770", "isDeleted:":"true", "version":"1729683633358"}}
{"logTime": "1122/111845", "correlationVector":"2sIog+KT9KX1kln7qVvGRL.152","action":"GetUpdates", "result":"DeleteReceived", "context":{"id":"d5daf5bd-acc1-4ef4-9a81-cd076494a2bb", "isDeleted:":"true", "version":"1729683979881"}}
{"logTime": "1122/111845", "correlationVector":"2sIog+KT9KX1kln7qVvGRL.153","action":"GetUpdates", "result":"DeleteReceived", "context":{"id":"ba59bece-51c6-489d-8004-cad621a2825f", "isDeleted:":"true", "version":"1729684817007"}}
{"logTime": "1122/111845", "correlationVector":"2sIog+KT9KX1kln7qVvGRL.154","action":"GetUpdates", "result":"DeleteReceived", "context":{"id":"d4ee744d-a5ca-4900-86f4-56c4a196a91b", "isDeleted:":"true", "version":"1729684817008"}}
{"logTime": "1122/111845", "correlationVector":"2sIog+KT9KX1kln7qVvGRL.155","action":"GetUpdates", "result":"DeleteReceived", "context":{"id":"e2ced1a3-95d8-49e1-891e-f420357d2b26", "isDeleted:":"true", "version":"1729688075168"}}
{"logTime": "1122/111845", "correlationVector":"2sIog+KT9KX1kln7qVvGRL.156","action":"GetUpdates", "result":"DeleteReceived", "context":{"id":"1bcd1170-6bbf-45f1-8733-f989f9e39931", "isDeleted:":"true", "version":"1729749023995"}}
{"logTime": "1122/111845", "correlationVector":"2sIog+KT9KX1kln7qVvGRL.157","action":"GetUpdates", "result":"DeleteReceived", "context":{"id":"3d3fa68d-5cd8-4107-95db-8198c0d072ae", "isDeleted:":"true", "version":"1729749023996"}}
{"logTime": "1122/111845", "correlationVector":"2sIog+KT9KX1kln7qVvGRL.158","action":"GetUpdates", "result":"DeleteReceived", "context":{"id":"082f5ad4-bd52-4b07-a295-8e77d35dbda6", "isDeleted:":"true", "version":"1729749023998"}}
{"logTime": "1122/111845", "correlationVector":"2sIog+KT9KX1kln7qVvGRL.159","action":"GetUpdates", "result":"DeleteReceived", "context":{"id":"723a29ec-8fc0-4304-97b7-66772ff1e4be", "isDeleted:":"true", "version":"1729938908564"}}
{"logTime": "1122/111845", "correlationVector":"2sIog+KT9KX1kln7qVvGRL.160","action":"GetUpdates", "result":"DeleteReceived", "context":{"id":"ccc946cd-882c-410a-88b3-2d1431fbd900", "isDeleted:":"true", "version":"1729938908565"}}
{"logTime": "1122/111845", "correlationVector":"2sIog+KT9KX1kln7qVvGRL.161","action":"GetUpdates", "result":"DeleteReceived", "context":{"id":"23ae45be-41a0-4c2e-92ce-e104b966f2b2", "isDeleted:":"true", "version":"1729938908566"}}
{"logTime": "1122/111845", "correlationVector":"2sIog+KT9KX1kln7qVvGRL.162","action":"GetUpdates", "result":"DeleteReceived", "context":{"id":"ff864dc5-efba-4265-b932-cec5325822df", "isDeleted:":"true", "version":"1729938908568"}}
{"logTime": "1122/111845", "correlationVector":"2sIog+KT9KX1kln7qVvGRL.163","action":"GetUpdates", "result":"DeleteReceived", "context":{"id":"2216f01c-abb4-45fa-9793-b97c91ddabba", "isDeleted:":"true", "version":"1729940471967"}}
{"logTime": "1122/111845", "correlationVector":"2sIog+KT9KX1kln7qVvGRL.164","action":"GetUpdates", "result":"DeleteReceived", "context":{"id":"8d239a74-bc0c-4be0-8aa2-fb1860def8a2", "isDeleted:":"true", "version":"1729940689234"}}
{"logTime": "1122/111845", "correlationVector":"2sIog+KT9KX1kln7qVvGRL.165","action":"GetUpdates", "result":"DeleteReceived", "context":{"id":"a0275e14-0823-4911-a03a-36c4160798d7", "isDeleted:":"true", "version":"1729940837619"}}
{"logTime": "1122/111845", "correlationVector":"2sIog+KT9KX1kln7qVvGRL.166","action":"GetUpdates", "result":"DeleteReceived", "context":{"id":"53c09314-f6cc-424c-ae47-be6561d42fe2", "isDeleted:":"true", "version":"1729941465976"}}
{"logTime": "1122/111845", "correlationVector":"2sIog+KT9KX1kln7qVvGRL.167","action":"GetUpdates", "result":"DeleteReceived", "context":{"id":"15d9ad05-d857-4eb7-a26b-a6097ea2f38f", "isDeleted:":"true", "version":"1729942084679"}}
{"logTime": "1122/111845", "correlationVector":"2sIog+KT9KX1kln7qVvGRL.168","action":"GetUpdates", "result":"DeleteReceived", "context":{"id":"f284cc86-4d31-461a-93c8-512eb467671e", "isDeleted:":"true", "version":"1729942291839"}}
{"logTime": "1122/111845", "correlationVector":"2sIog+KT9KX1kln7qVvGRL.169","action":"GetUpdates", "result":"DeleteReceived", "context":{"id":"646f0e97-9590-429e-ad2f-5a983852ef89", "isDeleted:":"true", "version":"1729943530354"}}
{"logTime": "1122/111845", "correlationVector":"2sIog+KT9KX1kln7qVvGRL.170","action":"GetUpdates", "result":"DeleteReceived", "context":{"id":"2e3cff67-d3cb-438a-96b2-b33652155d81", "isDeleted:":"true", "version":"1729943530355"}}
{"logTime": "1122/111845", "correlationVector":"2sIog+KT9KX1kln7qVvGRL.171","action":"GetUpdates", "result":"DeleteReceived", "context":{"id":"058ad9c6-f1ec-4728-a04e-3efa206ceaf3", "isDeleted:":"true", "version":"1729943878770"}}
{"logTime": "1122/111845", "correlationVector":"2sIog+KT9KX1kln7qVvGRL.172","action":"GetUpdates", "result":"DeleteReceived", "context":{"id":"43e9c72f-4f0f-40c5-9d4e-599543f8e236", "isDeleted:":"true", "version":"1729943878772"}}
{"logTime": "1122/111845", "correlationVector":"2sIog+KT9KX1kln7qVvGRL.173","action":"GetUpdates", "result":"DeleteReceived", "context":{"id":"8ccf3862-65ae-424d-a9f2-c8596ed62704", "isDeleted:":"true", "version":"1729945536938"}}
{"logTime": "1122/111845", "correlationVector":"2sIog+KT9KX1kln7qVvGRL.174","action":"GetUpdates", "result":"DeleteReceived", "context":{"id":"d4ff9882-9cea-485c-9512-370bc4ea0926", "isDeleted:":"true", "version":"1729945536939"}}
{"logTime": "1122/111845", "correlationVector":"2sIog+KT9KX1kln7qVvGRL.175","action":"GetUpdates", "result":"DeleteReceived", "context":{"id":"27e86c70-44d6-47e8-8f0c-6c1a143609b4", "isDeleted:":"true", "version":"1729945536940"}}
{"logTime": "1122/111845", "correlationVector":"2sIog+KT9KX1kln7qVvGRL.176","action":"GetUpdates", "result":"DeleteReceived", "context":{"id":"66bcdb67-60a3-4886-8062-0bc08ca9c67a", "isDeleted:":"true", "version":"1729945975542"}}
{"logTime": "1122/111845", "correlationVector":"2sIog+KT9KX1kln7qVvGRL.177","action":"GetUpdates", "result":"DeleteReceived", "context":{"id":"2023f6ef-081b-49a4-8a5c-cee07dfd4e0a", "isDeleted:":"true", "version":"1729946989412"}}
{"logTime": "1122/111845", "correlationVector":"2sIog+KT9KX1kln7qVvGRL.178","action":"GetUpdates", "result":"DeleteReceived", "context":{"id":"216ea9d0-fe81-4870-98be-d120de6d278a", "isDeleted:":"true", "version":"1729949837912"}}
{"logTime": "1122/111845", "correlationVector":"2sIog+KT9KX1kln7qVvGRL.179","action":"GetUpdates", "result":"DeleteReceived", "context":{"id":"5fe9d136-27e4-4411-9fca-8ad309d1a764", "isDeleted:":"true", "version":"1729955066339"}}
{"logTime": "1122/111845", "correlationVector":"2sIog+KT9KX1kln7qVvGRL.180","action":"GetUpdates", "result":"DeleteReceived", "context":{"id":"6d3726b1-314e-4eeb-bea6-b04b290c0eb1", "isDeleted:":"true", "version":"1729955187087"}}
{"logTime": "1122/111845", "correlationVector":"2sIog+KT9KX1kln7qVvGRL.181","action":"GetUpdates", "result":"DeleteReceived", "context":{"id":"8b5a677a-8ca4-4db2-806f-623810177ae0", "isDeleted:":"true", "version":"1730052295895"}}
{"logTime": "1122/111845", "correlationVector":"2sIog+KT9KX1kln7qVvGRL.182","action":"GetUpdates", "result":"DeleteReceived", "context":{"id":"846e25aa-5412-45fe-b00b-eed346aa5c56", "isDeleted:":"true", "version":"1730052320922"}}
{"logTime": "1122/111845", "correlationVector":"2sIog+KT9KX1kln7qVvGRL.183","action":"GetUpdates", "result":"DeleteReceived", "context":{"id":"e733fdc4-73bc-4f1e-97f8-8a10c3529f8a", "isDeleted:":"true", "version":"1730053174928"}}
{"logTime": "1122/111845", "correlationVector":"2sIog+KT9KX1kln7qVvGRL.184","action":"GetUpdates", "result":"DeleteReceived", "context":{"id":"aaf054f5-3df8-4773-9d51-0d850b4370a7", "isDeleted:":"true", "version":"1730113520052"}}
{"logTime": "1122/111845", "correlationVector":"2sIog+KT9KX1kln7qVvGRL.185","action":"GetUpdates", "result":"DeleteReceived", "context":{"id":"c33e7b83-0d39-40d9-9324-f37bfc61e1aa", "isDeleted:":"true", "version":"1730113949664"}}
{"logTime": "1122/111845", "correlationVector":"2sIog+KT9KX1kln7qVvGRL.186","action":"GetUpdates", "result":"DeleteReceived", "context":{"id":"28d76b8f-6eff-4833-8a7d-6976b200a180", "isDeleted:":"true", "version":"1730115644822"}}
{"logTime": "1122/111845", "correlationVector":"2sIog+KT9KX1kln7qVvGRL.187","action":"GetUpdates", "result":"DeleteReceived", "context":{"id":"ab8644c2-3a6d-4cad-a482-1224d7e9f1cf", "isDeleted:":"true", "version":"1730115644824"}}
{"logTime": "1122/111845", "correlationVector":"2sIog+KT9KX1kln7qVvGRL.188","action":"GetUpdates", "result":"DeleteReceived", "context":{"id":"1e05b7ca-870b-4f5a-82c2-8660fcd9ce35", "isDeleted:":"true", "version":"1730115738250"}}
{"logTime": "1122/111845", "correlationVector":"2sIog+KT9KX1kln7qVvGRL.189","action":"GetUpdates", "result":"DeleteReceived", "context":{"id":"d585245d-666a-4d8c-bfcd-4ffc469ff48e", "isDeleted:":"true", "version":"1730117024554"}}
{"logTime": "1122/111845", "correlationVector":"2sIog+KT9KX1kln7qVvGRL.190","action":"GetUpdates", "result":"DeleteReceived", "context":{"id":"fb5c0443-605a-4a2a-88ab-3b0919da1c6f", "isDeleted:":"true", "version":"1730117118154"}}
{"logTime": "1122/111845", "correlationVector":"2sIog+KT9KX1kln7qVvGRL.191","action":"GetUpdates", "result":"DeleteReceived", "context":{"id":"6ed7cd49-21fa-4a1b-85e7-6ea6358cd361", "isDeleted:":"true", "version":"1730118526313"}}
{"logTime": "1122/111845", "correlationVector":"2sIog+KT9KX1kln7qVvGRL.192","action":"GetUpdates", "result":"DeleteReceived", "context":{"id":"a3171529-4b69-4576-bc07-3f8a50cf8bf6", "isDeleted:":"true", "version":"1730119205855"}}
{"logTime": "1122/111845", "correlationVector":"2sIog+KT9KX1kln7qVvGRL.193","action":"GetUpdates", "result":"DeleteReceived", "context":{"id":"95261311-0c07-4a77-aa7b-392a42bf7933", "isDeleted:":"true", "version":"1730289831988"}}
{"logTime": "1122/111845", "correlationVector":"2sIog+KT9KX1kln7qVvGRL.194","action":"GetUpdates", "result":"DeleteReceived", "context":{"id":"231a6a93-0e8e-4d19-bfe2-59c672802f49", "isDeleted:":"true", "version":"1730290805845"}}
{"logTime": "1122/111845", "correlationVector":"2sIog+KT9KX1kln7qVvGRL.195","action":"GetUpdates", "result":"DeleteReceived", "context":{"id":"b5e8a305-6b20-4603-af81-2a3e9d0c61d9", "isDeleted:":"true", "version":"1730290805846"}}
{"logTime": "1122/111845", "correlationVector":"2sIog+KT9KX1kln7qVvGRL.196","action":"GetUpdates", "result":"DeleteReceived", "context":{"id":"606f2ff7-602e-41fe-9e84-65a27210dfcb", "isDeleted:":"true", "version":"1730482510588"}}
{"logTime": "1122/111845", "correlationVector":"2sIog+KT9KX1kln7qVvGRL.197","action":"GetUpdates", "result":"DeleteReceived", "context":{"id":"95b7a19d-7094-49f6-a1f8-6257f7378075", "isDeleted:":"true", "version":"1730482510589"}}
{"logTime": "1122/111845", "correlationVector":"2sIog+KT9KX1kln7qVvGRL.198","action":"GetUpdates", "result":"DeleteReceived", "context":{"id":"5577f88d-5178-4ef2-a486-7ea74d38db27", "isDeleted:":"true", "version":"1730482510591"}}
{"logTime": "1122/111845", "correlationVector":"2sIog+KT9KX1kln7qVvGRL.199","action":"GetUpdates", "result":"DeleteReceived", "context":{"id":"bba5b5e9-98bf-4536-a854-c64a4a25fe27", "isDeleted:":"true", "version":"1730482799043"}}
{"logTime": "1122/111845", "correlationVector":"2sIog+KT9KX1kln7qVvGRL.200","action":"GetUpdates", "result":"DeleteReceived", "context":{"id":"75b61402-40f4-477b-9b0a-122a67efdf40", "isDeleted:":"true", "version":"1730482820629"}}
{"logTime": "1122/111845", "correlationVector":"2sIog+KT9KX1kln7qVvGRL.201","action":"GetUpdates", "result":"DeleteReceived", "context":{"id":"dfb3b497-756f-45d5-9ef5-53b6238c1726", "isDeleted:":"true", "version":"1730482904025"}}
{"logTime": "1122/111845", "correlationVector":"2sIog+KT9KX1kln7qVvGRL.202","action":"GetUpdates", "result":"DeleteReceived", "context":{"id":"998ada9a-9299-4103-9be9-7fc2db18308d", "isDeleted:":"true", "version":"1730534167579"}}
{"logTime": "1122/111845", "correlationVector":"2sIog+KT9KX1kln7qVvGRL.203","action":"GetUpdates", "result":"DeleteReceived", "context":{"id":"84df7d40-33e6-425e-be14-27ae2fbe9bd3", "isDeleted:":"true", "version":"1730534167583"}}
{"logTime": "1122/111845", "correlationVector":"2sIog+KT9KX1kln7qVvGRL.204","action":"GetUpdates", "result":"DeleteReceived", "context":{"id":"252bf04f-3e89-4a34-a98f-9e9706ec293c", "isDeleted:":"true", "version":"1730534230680"}}
{"logTime": "1122/111845", "correlationVector":"2sIog+KT9KX1kln7qVvGRL.205","action":"GetUpdates", "result":"DeleteReceived", "context":{"id":"e259cd20-4c70-4a42-be8c-09ebe977f981", "isDeleted:":"true", "version":"1730534318736"}}
{"logTime": "1122/111845", "correlationVector":"2sIog+KT9KX1kln7qVvGRL.206","action":"GetUpdates", "result":"DeleteReceived", "context":{"id":"cb0536e4-b0e9-4798-8c3f-a1b7025ee6c2", "isDeleted:":"true", "version":"1730534622874"}}
{"logTime": "1122/111845", "correlationVector":"2sIog+KT9KX1kln7qVvGRL.207","action":"GetUpdates", "result":"DeleteReceived", "context":{"id":"9aab3b69-5966-46f6-a2c0-b68b7b2980a6", "isDeleted:":"true", "version":"1730534654023"}}
{"logTime": "1122/111845", "correlationVector":"2sIog+KT9KX1kln7qVvGRL.208","action":"GetUpdates", "result":"DeleteReceived", "context":{"id":"df1aaa7e-97c9-44e7-8cb0-1e07d1e2afab", "isDeleted:":"true", "version":"1730534654024"}}
{"logTime": "1122/111845", "correlationVector":"2sIog+KT9KX1kln7qVvGRL.209","action":"GetUpdates", "result":"DeleteReceived", "context":{"id":"9044b5a8-1ec0-49f1-836d-3bd5527445c5", "isDeleted:":"true", "version":"1730534872410"}}
{"logTime": "1122/111845", "correlationVector":"2sIog+KT9KX1kln7qVvGRL.210","action":"GetUpdates", "result":"DeleteReceived", "context":{"id":"3986d53e-151c-4534-af41-bdad62ad6b3b", "isDeleted:":"true", "version":"1730534972904"}}
{"logTime": "1122/111845", "correlationVector":"2sIog+KT9KX1kln7qVvGRL.211","action":"GetUpdates", "result":"DeleteReceived", "context":{"id":"05e1b5e8-0f5b-46a1-bba4-7fab69906b65", "isDeleted:":"true", "version":"1730535686675"}}
{"logTime": "1122/111845", "correlationVector":"2sIog+KT9KX1kln7qVvGRL.212","action":"GetUpdates", "result":"DeleteReceived", "context":{"id":"ba10c456-a1b3-407d-95e5-0416e5a3e371", "isDeleted:":"true", "version":"1730535686676"}}
{"logTime": "1122/111845", "correlationVector":"2sIog+KT9KX1kln7qVvGRL.213","action":"GetUpdates", "result":"DeleteReceived", "context":{"id":"a15c7c4d-9ed0-4a80-b983-c5583b1df374", "isDeleted:":"true", "version":"1730536236493"}}
{"logTime": "1122/111845", "correlationVector":"2sIog+KT9KX1kln7qVvGRL.214","action":"GetUpdates", "result":"DeleteReceived", "context":{"id":"5faa51f6-00f1-4b80-87ed-bc618d3bc111", "isDeleted:":"true", "version":"1730537112088"}}
{"logTime": "1122/111845", "correlationVector":"2sIog+KT9KX1kln7qVvGRL.215","action":"GetUpdates", "result":"DeleteReceived", "context":{"id":"75deb85c-b428-474a-b096-b9e78fc0517d", "isDeleted:":"true", "version":"1730546024119"}}
{"logTime": "1122/111845", "correlationVector":"2sIog+KT9KX1kln7qVvGRL.216","action":"GetUpdates", "result":"DeleteReceived", "context":{"id":"a5e9c5de-58fa-44f8-b00d-6c1d000911ec", "isDeleted:":"true", "version":"1730547207112"}}
{"logTime": "1122/111845", "correlationVector":"2sIog+KT9KX1kln7qVvGRL.217","action":"GetUpdates Response", "result":"Success", "context":Received 250 update(s). cV=2sIog+KT9KX1kln7qVvGRL.0;server=general0100000Y;cloudType=Consumer;environment=Prod_WestEurope_000l;migrationStage=NotStarted Some updates remain.}
{"logTime": "1122/111845", "correlationVector":"0+uMowgFGB69xn9jWCEInp","action":"Initial GetUpdates", "result":"", "context":Reason: NEWLY_SUPPORTED_DATATYPE. cV=0+uMowgFGB69xn9jWCEInp}
{"logTime": "1122/111847", "correlationVector":"0+uMowgFGB69xn9jWCEInp.1","action":"SyncServerConnectionManagerRequest", "result":"SYNC_SERVER_OK", "context":{"environment":"Prod_WestEurope_000l", "migrationStage":"NotStarted", "server":"general0100001E"}}
{"logTime": "1122/111847", "correlationVector":"0+uMowgFGB69xn9jWCEInp.2","action":"GetUpdates", "result":"DeleteReceived", "context":{"id":"05825a45-c8bb-4f98-8d35-75464d9414b2", "isDeleted:":"true", "version":"1730547237913"}}
{"logTime": "1122/111847", "correlationVector":"0+uMowgFGB69xn9jWCEInp.3","action":"GetUpdates", "result":"DeleteReceived", "context":{"id":"64b8bb8f-d932-44f1-9f8d-39d3c9193600", "isDeleted:":"true", "version":"1730547330587"}}
{"logTime": "1122/111847", "correlationVector":"0+uMowgFGB69xn9jWCEInp.4","action":"GetUpdates", "result":"DeleteReceived", "context":{"id":"2c86570b-6cb5-49cc-9e54-fe4de64b4d58", "isDeleted:":"true", "version":"1730547469983"}}
{"logTime": "1122/111847", "correlationVector":"0+uMowgFGB69xn9jWCEInp.5","action":"GetUpdates", "result":"DeleteReceived", "context":{"id":"fb5a4ffa-a52c-40f1-bf18-370bae5312fb", "isDeleted:":"true", "version":"1730547469985"}}
{"logTime": "1122/111847", "correlationVector":"0+uMowgFGB69xn9jWCEInp.6","action":"GetUpdates", "result":"DeleteReceived", "context":{"id":"d698a34f-0566-4c0e-a93c-ae4f42554885", "isDeleted:":"true", "version":"1730549697403"}}
{"logTime": "1122/111847", "correlationVector":"0+uMowgFGB69xn9jWCEInp.7","action":"GetUpdates", "result":"DeleteReceived", "context":{"id":"2aced652-4a83-476b-87fa-ca38c9fa321c", "isDeleted:":"true", "version":"1730562683210"}}
{"logTime": "1122/111847", "correlationVector":"0+uMowgFGB69xn9jWCEInp.8","action":"GetUpdates", "result":"DeleteReceived", "context":{"id":"bf0dac34-9d35-4a38-a8d4-cbdfd4462f23", "isDeleted:":"true", "version":"1730562683211"}}
{"logTime": "1122/111847", "correlationVector":"0+uMowgFGB69xn9jWCEInp.9","action":"GetUpdates", "result":"DeleteReceived", "context":{"id":"2a309209-b31f-4769-a01a-f4f4891be334", "isDeleted:":"true", "version":"1730562683213"}}
{"logTime": "1122/111847", "correlationVector":"0+uMowgFGB69xn9jWCEInp.10","action":"GetUpdates", "result":"DeleteReceived", "context":{"id":"c49753a7-afcf-4469-9626-7416ac01125f", "isDeleted:":"true", "version":"1730571183210"}}
{"logTime": "1122/111847", "correlationVector":"0+uMowgFGB69xn9jWCEInp.11","action":"GetUpdates", "result":"DeleteReceived", "context":{"id":"39ccc174-dab4-482e-8e55-1d0fdb5d943d", "isDeleted:":"true", "version":"1730632956440"}}
{"logTime": "1122/111847", "correlationVector":"0+uMowgFGB69xn9jWCEInp.12","action":"GetUpdates", "result":"DeleteReceived", "context":{"id":"da8821e1-f0e1-4bff-b5ce-5d6a41635a4e", "isDeleted:":"true", "version":"1730657934683"}}
{"logTime": "1122/111847", "correlationVector":"0+uMowgFGB69xn9jWCEInp.13","action":"GetUpdates", "result":"DeleteReceived", "context":{"id":"6929e7ee-a9d6-4a58-bf98-7d11895b47b9", "isDeleted:":"true", "version":"1730657934686"}}
{"logTime": "1122/111847", "correlationVector":"0+uMowgFGB69xn9jWCEInp.14","action":"GetUpdates", "result":"DeleteReceived", "context":{"id":"827ded52-5e1e-47a1-aff1-91e4c1f52555", "isDeleted:":"true", "version":"1730711488654"}}
{"logTime": "1122/111847", "correlationVector":"0+uMowgFGB69xn9jWCEInp.15","action":"GetUpdates", "result":"DeleteReceived", "context":{"id":"c4b0a034-0365-4824-b25d-1e8a275a0ede", "isDeleted:":"true", "version":"1730711859132"}}
{"logTime": "1122/111847", "correlationVector":"0+uMowgFGB69xn9jWCEInp.16","action":"GetUpdates", "result":"DeleteReceived", "context":{"id":"403dbb6c-f6c0-4c5d-9dc9-c24ce4a90b46", "isDeleted:":"true", "version":"1730718583748"}}
{"logTime": "1122/111847", "correlationVector":"0+uMowgFGB69xn9jWCEInp.17","action":"GetUpdates", "result":"DeleteReceived", "context":{"id":"eb3ec54b-7b8f-4724-8f18-296b2ce949cb", "isDeleted:":"true", "version":"1730722383473"}}
{"logTime": "1122/111847", "correlationVector":"0+uMowgFGB69xn9jWCEInp.18","action":"GetUpdates", "result":"DeleteReceived", "context":{"id":"19595887-8647-4f71-9ae4-686e2fe1a7f4", "isDeleted:":"true", "version":"1730747170874"}}
{"logTime": "1122/111847", "correlationVector":"0+uMowgFGB69xn9jWCEInp.19","action":"GetUpdates", "result":"DeleteReceived", "context":{"id":"8ef01b2f-e461-41ed-82d4-a09790d31b16", "isDeleted:":"true", "version":"1730747170876"}}
{"logTime": "1122/111847", "correlationVector":"0+uMowgFGB69xn9jWCEInp.20","action":"GetUpdates", "result":"DeleteReceived", "context":{"id":"e8c5aece-3ad5-4d0d-86ea-73e0879655c6", "isDeleted:":"true", "version":"1730747170878"}}
{"logTime": "1122/111847", "correlationVector":"0+uMowgFGB69xn9jWCEInp.21","action":"GetUpdates", "result":"DeleteReceived", "context":{"id":"fb2a593f-641e-4c41-961f-524304aa9f3c", "isDeleted:":"true", "version":"1730747189426"}}
{"logTime": "1122/111847", "correlationVector":"0+uMowgFGB69xn9jWCEInp.22","action":"GetUpdates", "result":"DeleteReceived", "context":{"id":"e892d3a4-582c-49e5-a020-0015257fa702", "isDeleted:":"true", "version":"1730747905138"}}
{"logTime": "1122/111847", "correlationVector":"0+uMowgFGB69xn9jWCEInp.23","action":"GetUpdates", "result":"DeleteReceived", "context":{"id":"2315b76a-af42-4e3a-ae32-3dfc9c6b0a28", "isDeleted:":"true", "version":"1730817128560"}}
{"logTime": "1122/111847", "correlationVector":"0+uMowgFGB69xn9jWCEInp.24","action":"GetUpdates", "result":"DeleteReceived", "context":{"id":"fc1c2ee3-b8a7-441f-8804-fb11668462f9", "isDeleted:":"true", "version":"1730817128562"}}
{"logTime": "1122/111847", "correlationVector":"0+uMowgFGB69xn9jWCEInp.25","action":"GetUpdates", "result":"DeleteReceived", "context":{"id":"61b511ee-d6e4-4c49-a5c0-0f0082979b5b", "isDeleted:":"true", "version":"1730828376404"}}
{"logTime": "1122/111847", "correlationVector":"0+uMowgFGB69xn9jWCEInp.26","action":"GetUpdates", "result":"DeleteReceived", "context":{"id":"9c2a4c9e-a76d-40d2-ba47-25e29139972a", "isDeleted:":"true", "version":"1730829926799"}}
{"logTime": "1122/111847", "correlationVector":"0+uMowgFGB69xn9jWCEInp.27","action":"GetUpdates", "result":"DeleteReceived", "context":{"id":"e3e5ba5e-552f-4580-8988-1159214f9bf9", "isDeleted:":"true", "version":"1730830282467"}}
{"logTime": "1122/111847", "correlationVector":"0+uMowgFGB69xn9jWCEInp.28","action":"GetUpdates", "result":"DeleteReceived", "context":{"id":"714eb7bc-06fa-4a19-a459-f25c1d4c221e", "isDeleted:":"true", "version":"1730882403644"}}
{"logTime": "1122/111847", "correlationVector":"0+uMowgFGB69xn9jWCEInp.29","action":"GetUpdates", "result":"DeleteReceived", "context":{"id":"f3f5c41e-6c30-44c5-8000-fa528e4da05a", "isDeleted:":"true", "version":"1730885384668"}}
{"logTime": "1122/111847", "correlationVector":"0+uMowgFGB69xn9jWCEInp.30","action":"GetUpdates", "result":"DeleteReceived", "context":{"id":"05ae3a41-ab9f-4002-a534-bc222244a64a", "isDeleted:":"true", "version":"1730891157972"}}
{"logTime": "1122/111847", "correlationVector":"0+uMowgFGB69xn9jWCEInp.31","action":"GetUpdates", "result":"DeleteReceived", "context":{"id":"c958bca9-3bec-4b9f-9cd0-7929e2419d95", "isDeleted:":"true", "version":"1731002847699"}}
{"logTime": "1122/111847", "correlationVector":"0+uMowgFGB69xn9jWCEInp.32","action":"GetUpdates", "result":"DeleteReceived", "context":{"id":"7d140b7f-4c4e-4901-9a78-0108eed84273", "isDeleted:":"true", "version":"1731003185516"}}
{"logTime": "1122/111847", "correlationVector":"0+uMowgFGB69xn9jWCEInp.33","action":"GetUpdates", "result":"DeleteReceived", "context":{"id":"b1d0a0aa-a04e-4b4f-80f1-6b977b83a567", "isDeleted:":"true", "version":"1731003552811"}}
{"logTime": "1122/111847", "correlationVector":"0+uMowgFGB69xn9jWCEInp.34","action":"GetUpdates", "result":"DeleteReceived", "context":{"id":"310cfabd-ea5a-4715-8f12-02cb4ced9bbb", "isDeleted:":"true", "version":"1731004083823"}}
{"logTime": "1122/111847", "correlationVector":"0+uMowgFGB69xn9jWCEInp.35","action":"GetUpdates", "result":"DeleteReceived", "context":{"id":"44d203c4-1ef4-48b1-b266-b765a61847ac", "isDeleted:":"true", "version":"1731004083827"}}
{"logTime": "1122/111847", "correlationVector":"0+uMowgFGB69xn9jWCEInp.36","action":"GetUpdates", "result":"DeleteReceived", "context":{"id":"bf2e0d85-0c9a-499c-8c8a-0419bf09bda8", "isDeleted:":"true", "version":"1731004139401"}}
{"logTime": "1122/111847", "correlationVector":"0+uMowgFGB69xn9jWCEInp.37","action":"GetUpdates", "result":"DeleteReceived", "context":{"id":"fe678907-9724-427c-8480-377e3fe2ef4b", "isDeleted:":"true", "version":"1731004395286"}}
{"logTime": "1122/111847", "correlationVector":"0+uMowgFGB69xn9jWCEInp.38","action":"GetUpdates", "result":"DeleteReceived", "context":{"id":"f72dc646-7e03-4bf8-87ad-a697016a708a", "isDeleted:":"true", "version":"1731004544602"}}
{"logTime": "1122/111847", "correlationVector":"0+uMowgFGB69xn9jWCEInp.39","action":"GetUpdates", "result":"DeleteReceived", "context":{"id":"f30ecfcb-f7a8-413d-8bd4-6c3443f6aa25", "isDeleted:":"true", "version":"1731004878305"}}
{"logTime": "1122/111847", "correlationVector":"0+uMowgFGB69xn9jWCEInp.40","action":"GetUpdates", "result":"DeleteReceived", "context":{"id":"42016e8d-fb2d-4407-972a-ba3be0d635d3", "isDeleted:":"true", "version":"1731004985041"}}
{"logTime": "1122/111847", "correlationVector":"0+uMowgFGB69xn9jWCEInp.41","action":"GetUpdates", "result":"DeleteReceived", "context":{"id":"663de94f-c186-48ea-9fd0-a601193b3484", "isDeleted:":"true", "version":"1731005113768"}}
{"logTime": "1122/111847", "correlationVector":"0+uMowgFGB69xn9jWCEInp.42","action":"GetUpdates", "result":"DeleteReceived", "context":{"id":"ed1f842c-66db-4a5e-9c33-38fb372a249e", "isDeleted:":"true", "version":"1731005697839"}}
{"logTime": "1122/111847", "correlationVector":"0+uMowgFGB69xn9jWCEInp.43","action":"GetUpdates", "result":"DeleteReceived", "context":{"id":"22d8fddc-9de1-4f74-a0bc-3a47398c8119", "isDeleted:":"true", "version":"1731006079505"}}
{"logTime": "1122/111847", "correlationVector":"0+uMowgFGB69xn9jWCEInp.44","action":"GetUpdates", "result":"DeleteReceived", "context":{"id":"8a7c1342-a52a-43e4-8900-21fdebc19662", "isDeleted:":"true", "version":"1731006079507"}}
{"logTime": "1122/111847", "correlationVector":"0+uMowgFGB69xn9jWCEInp.45","action":"GetUpdates", "result":"DeleteReceived", "context":{"id":"1707703e-edfc-44b3-b065-78ab1b989190", "isDeleted:":"true", "version":"1731006751205"}}
{"logTime": "1122/111847", "correlationVector":"0+uMowgFGB69xn9jWCEInp.46","action":"GetUpdates", "result":"DeleteReceived", "context":{"id":"36836187-4749-46ae-8032-15737f99410f", "isDeleted:":"true", "version":"1731007710240"}}
{"logTime": "1122/111847", "correlationVector":"0+uMowgFGB69xn9jWCEInp.47","action":"GetUpdates", "result":"DeleteReceived", "context":{"id":"296d29ed-3478-4e33-bad8-d49ea538489f", "isDeleted:":"true", "version":"1731007710241"}}
{"logTime": "1122/111847", "correlationVector":"0+uMowgFGB69xn9jWCEInp.48","action":"GetUpdates", "result":"DeleteReceived", "context":{"id":"201ad68b-4700-427b-bff1-649ffb00871b", "isDeleted:":"true", "version":"1731007710242"}}
{"logTime": "1122/111847", "correlationVector":"0+uMowgFGB69xn9jWCEInp.49","action":"GetUpdates", "result":"DeleteReceived", "context":{"id":"715361e2-68d9-4727-9c0a-148a55a5fa1e", "isDeleted:":"true", "version":"1731008259400"}}
{"logTime": "1122/111847", "correlationVector":"0+uMowgFGB69xn9jWCEInp.50","action":"GetUpdates", "result":"DeleteReceived", "context":{"id":"89ec8520-6699-43b0-b463-49dfbfea689c", "isDeleted:":"true", "version":"1731008259402"}}
{"logTime": "1122/111847", "correlationVector":"0+uMowgFGB69xn9jWCEInp.51","action":"GetUpdates", "result":"DeleteReceived", "context":{"id":"910eb3de-0661-4087-adb9-99d3bb819a91", "isDeleted:":"true", "version":"1731008259403"}}
{"logTime": "1122/111847", "correlationVector":"0+uMowgFGB69xn9jWCEInp.52","action":"GetUpdates", "result":"DeleteReceived", "context":{"id":"95779ee4-e564-4ef7-aae8-3e80c2ab9f78", "isDeleted:":"true", "version":"1731008858667"}}
{"logTime": "1122/111847", "correlationVector":"0+uMowgFGB69xn9jWCEInp.53","action":"GetUpdates", "result":"DeleteReceived", "context":{"id":"293fe6bc-e04b-44fe-8e98-5a9ca4a5fb5a", "isDeleted:":"true", "version":"1731009205632"}}
{"logTime": "1122/111847", "correlationVector":"0+uMowgFGB69xn9jWCEInp.54","action":"GetUpdates", "result":"DeleteReceived", "context":{"id":"599c9cae-a647-4ee1-8593-26e5d9935ab8", "isDeleted:":"true", "version":"1731009205635"}}
{"logTime": "1122/111847", "correlationVector":"0+uMowgFGB69xn9jWCEInp.55","action":"GetUpdates", "result":"DeleteReceived", "context":{"id":"59cbe94b-3e9e-4fc5-b4c6-0160950060ff", "isDeleted:":"true", "version":"1731009206833"}}
{"logTime": "1122/111847", "correlationVector":"0+uMowgFGB69xn9jWCEInp.56","action":"GetUpdates", "result":"DeleteReceived", "context":{"id":"048189eb-a8e4-4555-997a-f5b16ba56b2c", "isDeleted:":"true", "version":"1731009206835"}}
{"logTime": "1122/111847", "correlationVector":"0+uMowgFGB69xn9jWCEInp.57","action":"GetUpdates", "result":"DeleteReceived", "context":{"id":"1646dbb6-0526-4f29-a70e-65947d065ffd", "isDeleted:":"true", "version":"1731012052802"}}
{"logTime": "1122/111847", "correlationVector":"0+uMowgFGB69xn9jWCEInp.58","action":"GetUpdates", "result":"DeleteReceived", "context":{"id":"2e379d2e-26b5-463e-bbb4-c19a6611db94", "isDeleted:":"true", "version":"1731012052803"}}
{"logTime": "1122/111847", "correlationVector":"0+uMowgFGB69xn9jWCEInp.59","action":"GetUpdates", "result":"DeleteReceived", "context":{"id":"550064fd-3ffa-4889-9fc6-4725e3957dcf", "isDeleted:":"true", "version":"1731012052804"}}
{"logTime": "1122/111847", "correlationVector":"0+uMowgFGB69xn9jWCEInp.60","action":"GetUpdates", "result":"DeleteReceived", "context":{"id":"907a79a9-8dcd-4688-993b-bef6a1419e2c", "isDeleted:":"true", "version":"1731012052806"}}
{"logTime": "1122/111847", "correlationVector":"0+uMowgFGB69xn9jWCEInp.61","action":"GetUpdates", "result":"DeleteReceived", "context":{"id":"36845e8a-131f-4ff4-a389-70a4834e9d2c", "isDeleted:":"true", "version":"1731012052807"}}
{"logTime": "1122/111847", "correlationVector":"0+uMowgFGB69xn9jWCEInp.62","action":"GetUpdates", "result":"DeleteReceived", "context":{"id":"05f57a75-46cc-4b77-adc8-667388183d82", "isDeleted:":"true", "version":"1731012589269"}}
{"logTime": "1122/111847", "correlationVector":"0+uMowgFGB69xn9jWCEInp.63","action":"GetUpdates", "result":"DeleteReceived", "context":{"id":"23b1301c-9e06-4977-868c-ab60c23874ba", "isDeleted:":"true", "version":"1731012924646"}}
{"logTime": "1122/111847", "correlationVector":"0+uMowgFGB69xn9jWCEInp.64","action":"GetUpdates", "result":"DeleteReceived", "context":{"id":"7ae87cc4-b16a-40ee-8249-9b9d048dbb4f", "isDeleted:":"true", "version":"1731015562685"}}
{"logTime": "1122/111847", "correlationVector":"0+uMowgFGB69xn9jWCEInp.65","action":"GetUpdates", "result":"DeleteReceived", "context":{"id":"0bb44133-5612-41ec-b3ed-7b10e53e4e97", "isDeleted:":"true", "version":"1731086068242"}}
{"logTime": "1122/111847", "correlationVector":"0+uMowgFGB69xn9jWCEInp.66","action":"GetUpdates", "result":"DeleteReceived", "context":{"id":"890193bb-8e79-41d6-b7a7-465a711fdcd0", "isDeleted:":"true", "version":"1731086068244"}}
{"logTime": "1122/111847", "correlationVector":"0+uMowgFGB69xn9jWCEInp.67","action":"GetUpdates", "result":"DeleteReceived", "context":{"id":"09e2a4b2-7e75-4f29-9d19-e10e71bde56b", "isDeleted:":"true", "version":"1731086068246"}}
{"logTime": "1122/111847", "correlationVector":"0+uMowgFGB69xn9jWCEInp.68","action":"GetUpdates", "result":"DeleteReceived", "context":{"id":"25fd4420-e073-4574-aaab-be089f163804", "isDeleted:":"true", "version":"1731086068247"}}
{"logTime": "1122/111847", "correlationVector":"0+uMowgFGB69xn9jWCEInp.69","action":"GetUpdates", "result":"DeleteReceived", "context":{"id":"f7bff0a8-50e3-4e5c-b156-e52d30381d6e", "isDeleted:":"true", "version":"1731086068248"}}
{"logTime": "1122/111847", "correlationVector":"0+uMowgFGB69xn9jWCEInp.70","action":"GetUpdates", "result":"DeleteReceived", "context":{"id":"c0b52cc5-b845-4ffe-99ba-39c2d4784637", "isDeleted:":"true", "version":"1731086068249"}}
{"logTime": "1122/111847", "correlationVector":"0+uMowgFGB69xn9jWCEInp.71","action":"GetUpdates", "result":"DeleteReceived", "context":{"id":"9bd50a8a-5869-4e00-8f67-b7a74e77ecc0", "isDeleted:":"true", "version":"1731161434766"}}
{"logTime": "1122/111847", "correlationVector":"0+uMowgFGB69xn9jWCEInp.72","action":"GetUpdates", "result":"DeleteReceived", "context":{"id":"06331110-bc9a-42ae-8895-e9987116e32f", "isDeleted:":"true", "version":"1731161534662"}}
{"logTime": "1122/111847", "correlationVector":"0+uMowgFGB69xn9jWCEInp.73","action":"GetUpdates", "result":"DeleteReceived", "context":{"id":"197e6b95-0fd5-424e-9ab6-86908ac8a8b0", "isDeleted:":"true", "version":"1731161805104"}}
{"logTime": "1122/111847", "correlationVector":"0+uMowgFGB69xn9jWCEInp.74","action":"GetUpdates", "result":"DeleteReceived", "context":{"id":"7b796256-43f3-4e0d-a191-4df9b1738dac", "isDeleted:":"true", "version":"1731162262528"}}
{"logTime": "1122/111847", "correlationVector":"0+uMowgFGB69xn9jWCEInp.75","action":"GetUpdates", "result":"DeleteReceived", "context":{"id":"a38734f0-e887-4cfe-a4dc-b2200af541a6", "isDeleted:":"true", "version":"1731162423422"}}
{"logTime": "1122/111847", "correlationVector":"0+uMowgFGB69xn9jWCEInp.76","action":"GetUpdates", "result":"DeleteReceived", "context":{"id":"01f723bb-6ac4-4241-aee6-80bc0d60d374", "isDeleted:":"true", "version":"1731163825898"}}
{"logTime": "1122/111847", "correlationVector":"0+uMowgFGB69xn9jWCEInp.77","action":"GetUpdates", "result":"DeleteReceived", "context":{"id":"944f0820-06eb-4dda-a7c7-6c3c04042782", "isDeleted:":"true", "version":"1731163825899"}}
{"logTime": "1122/111847", "correlationVector":"0+uMowgFGB69xn9jWCEInp.78","action":"GetUpdates", "result":"DeleteReceived", "context":{"id":"83fd7e2f-a677-445e-85b3-ae676f9dabdf", "isDeleted:":"true", "version":"1731163864580"}}
{"logTime": "1122/111847", "correlationVector":"0+uMowgFGB69xn9jWCEInp.79","action":"GetUpdates", "result":"DeleteReceived", "context":{"id":"2d430e89-1e25-41f7-9fbe-de8c495a9757", "isDeleted:":"true", "version":"1731163916442"}}
{"logTime": "1122/111847", "correlationVector":"0+uMowgFGB69xn9jWCEInp.80","action":"GetUpdates", "result":"DeleteReceived", "context":{"id":"7ee685e6-4f5e-4d1f-96a2-d05601562dd0", "isDeleted:":"true", "version":"1731163916443"}}
{"logTime": "1122/111847", "correlationVector":"0+uMowgFGB69xn9jWCEInp.81","action":"GetUpdates", "result":"DeleteReceived", "context":{"id":"2e436760-5f3e-4087-a591-0df39f54002a", "isDeleted:":"true", "version":"1731167288102"}}
{"logTime": "1122/111847", "correlationVector":"0+uMowgFGB69xn9jWCEInp.82","action":"GetUpdates", "result":"DeleteReceived", "context":{"id":"0e2d9722-3ab3-4cd7-9b2d-8a869239148f", "isDeleted:":"true", "version":"1731167288103"}}
{"logTime": "1122/111847", "correlationVector":"0+uMowgFGB69xn9jWCEInp.83","action":"GetUpdates", "result":"DeleteReceived", "context":{"id":"b1f81606-87f2-43cf-8802-458b3b310f53", "isDeleted:":"true", "version":"1731167288108"}}
{"logTime": "1122/111847", "correlationVector":"0+uMowgFGB69xn9jWCEInp.84","action":"GetUpdates", "result":"DeleteReceived", "context":{"id":"3ff84a5e-2236-40d7-8a35-997fbbb0423e", "isDeleted:":"true", "version":"1731167327610"}}
{"logTime": "1122/111847", "correlationVector":"0+uMowgFGB69xn9jWCEInp.85","action":"GetUpdates", "result":"DeleteReceived", "context":{"id":"3417fb1f-9c1b-4f9c-b2ef-b9d9fa3ccc6a", "isDeleted:":"true", "version":"1731167327612"}}
{"logTime": "1122/111847", "correlationVector":"0+uMowgFGB69xn9jWCEInp.86","action":"GetUpdates", "result":"DeleteReceived", "context":{"id":"6ec84ea2-d8b0-4cd4-80a2-7bc05f71b98c", "isDeleted:":"true", "version":"1731168480601"}}
{"logTime": "1122/111847", "correlationVector":"0+uMowgFGB69xn9jWCEInp.87","action":"GetUpdates", "result":"DeleteReceived", "context":{"id":"7949ec7e-09df-4da4-a7b4-380b75f5bb9e", "isDeleted:":"true", "version":"1731168480603"}}
{"logTime": "1122/111847", "correlationVector":"0+uMowgFGB69xn9jWCEInp.88","action":"GetUpdates", "result":"DeleteReceived", "context":{"id":"4eaa739d-bae2-4816-84c2-d167e67ca7bb", "isDeleted:":"true", "version":"1731168480605"}}
{"logTime": "1122/111847", "correlationVector":"0+uMowgFGB69xn9jWCEInp.89","action":"GetUpdates", "result":"DeleteReceived", "context":{"id":"58c954b1-89fc-4cf6-8897-bd10073ad131", "isDeleted:":"true", "version":"1731168608518"}}
{"logTime": "1122/111847", "correlationVector":"0+uMowgFGB69xn9jWCEInp.90","action":"GetUpdates", "result":"DeleteReceived", "context":{"id":"93dba76a-607f-4c35-b9ee-3f6c1d3b0e5d", "isDeleted:":"true", "version":"1731236488330"}}
{"logTime": "1122/111847", "correlationVector":"0+uMowgFGB69xn9jWCEInp.91","action":"GetUpdates", "result":"DeleteReceived", "context":{"id":"d0261f28-5257-4fc6-b158-12ce1a6bb6ba", "isDeleted:":"true", "version":"1731236488332"}}
{"logTime": "1122/111847", "correlationVector":"0+uMowgFGB69xn9jWCEInp.92","action":"GetUpdates", "result":"DeleteReceived", "context":{"id":"4e995ef2-c043-406e-b1f6-ca23d9397acb", "isDeleted:":"true", "version":"1731236488333"}}
{"logTime": "1122/111847", "correlationVector":"0+uMowgFGB69xn9jWCEInp.93","action":"GetUpdates", "result":"DeleteReceived", "context":{"id":"a3ae2542-0a3c-4816-bd4f-e3b81ba803c3", "isDeleted:":"true", "version":"1731236760968"}}
{"logTime": "1122/111847", "correlationVector":"0+uMowgFGB69xn9jWCEInp.94","action":"GetUpdates", "result":"DeleteReceived", "context":{"id":"4e138712-6584-4845-803a-6033099c4ecd", "isDeleted:":"true", "version":"1731238514368"}}
{"logTime": "1122/111847", "correlationVector":"0+uMowgFGB69xn9jWCEInp.95","action":"GetUpdates", "result":"DeleteReceived", "context":{"id":"e3624e22-49c7-475d-893e-ecaf1b8fd8ef", "isDeleted:":"true", "version":"1731333450823"}}
{"logTime": "1122/111847", "correlationVector":"0+uMowgFGB69xn9jWCEInp.96","action":"GetUpdates", "result":"DeleteReceived", "context":{"id":"51798751-c2e4-421b-ab1b-ea25e75842c5", "isDeleted:":"true", "version":"1731333450824"}}
{"logTime": "1122/111847", "correlationVector":"0+uMowgFGB69xn9jWCEInp.97","action":"GetUpdates", "result":"DeleteReceived", "context":{"id":"11f4bdae-4555-42ba-b968-e88261cf378c", "isDeleted:":"true", "version":"1731333450825"}}
{"logTime": "1122/111847", "correlationVector":"0+uMowgFGB69xn9jWCEInp.98","action":"GetUpdates", "result":"DeleteReceived", "context":{"id":"b30228af-7dfb-4e1c-915d-31873557387d", "isDeleted:":"true", "version":"1731333450827"}}
{"logTime": "1122/111847", "correlationVector":"0+uMowgFGB69xn9jWCEInp.99","action":"GetUpdates", "result":"DeleteReceived", "context":{"id":"faf2cd75-c9e1-4645-b3c4-e4c2c5fbc73e", "isDeleted:":"true", "version":"1731333450828"}}
{"logTime": "1122/111847", "correlationVector":"0+uMowgFGB69xn9jWCEInp.100","action":"GetUpdates", "result":"DeleteReceived", "context":{"id":"046c73d3-dfa4-4d71-b43c-4840d689ec83", "isDeleted:":"true", "version":"1731333450829"}}
{"logTime": "1122/111847", "correlationVector":"0+uMowgFGB69xn9jWCEInp.101","action":"GetUpdates", "result":"DeleteReceived", "context":{"id":"1168e9da-b7d9-4b33-b943-43e389f5e9fc", "isDeleted:":"true", "version":"1731334625505"}}
{"logTime": "1122/111847", "correlationVector":"0+uMowgFGB69xn9jWCEInp.102","action":"GetUpdates", "result":"DeleteReceived", "context":{"id":"0fcf199c-3500-455c-832f-cbb692e6c231", "isDeleted:":"true", "version":"1731334626669"}}
{"logTime": "1122/111847", "correlationVector":"0+uMowgFGB69xn9jWCEInp.103","action":"GetUpdates", "result":"DeleteReceived", "context":{"id":"f9f4124a-a156-40bc-9b5f-6f13e63ba790", "isDeleted:":"true", "version":"1731335426796"}}
{"logTime": "1122/111847", "correlationVector":"0+uMowgFGB69xn9jWCEInp.104","action":"GetUpdates", "result":"DeleteReceived", "context":{"id":"4e31f75a-8274-4d54-886d-4f775524552e", "isDeleted:":"true", "version":"1731335595604"}}
{"logTime": "1122/111847", "correlationVector":"0+uMowgFGB69xn9jWCEInp.105","action":"GetUpdates", "result":"DeleteReceived", "context":{"id":"38cc34a9-d23c-47fc-922a-c0fa6a4de585", "isDeleted:":"true", "version":"1731353844797"}}
{"logTime": "1122/111847", "correlationVector":"0+uMowgFGB69xn9jWCEInp.106","action":"GetUpdates", "result":"DeleteReceived", "context":{"id":"8ea78c9d-402b-467b-9235-954a2244dd3b", "isDeleted:":"true", "version":"1731353844799"}}
{"logTime": "1122/111847", "correlationVector":"0+uMowgFGB69xn9jWCEInp.107","action":"GetUpdates", "result":"DeleteReceived", "context":{"id":"200491c9-b5e3-467a-8f44-c19241e6e698", "isDeleted:":"true", "version":"1731354325988"}}
{"logTime": "1122/111847", "correlationVector":"0+uMowgFGB69xn9jWCEInp.108","action":"GetUpdates", "result":"DeleteReceived", "context":{"id":"ec13a689-467d-4e2c-b5ce-b929d339f607", "isDeleted:":"true", "version":"1731355412715"}}
{"logTime": "1122/111847", "correlationVector":"0+uMowgFGB69xn9jWCEInp.109","action":"GetUpdates", "result":"DeleteReceived", "context":{"id":"c366147d-1a04-4a46-a922-76bc95021699", "isDeleted:":"true", "version":"1731355412716"}}
{"logTime": "1122/111847", "correlationVector":"0+uMowgFGB69xn9jWCEInp.110","action":"GetUpdates", "result":"DeleteReceived", "context":{"id":"62f968ec-ddd2-4ede-bb66-f831f4640912", "isDeleted:":"true", "version":"1731355412719"}}
{"logTime": "1122/111847", "correlationVector":"0+uMowgFGB69xn9jWCEInp.111","action":"GetUpdates", "result":"DeleteReceived", "context":{"id":"9697f156-8153-45c7-bf94-596a2d6a688a", "isDeleted:":"true", "version":"1731403084675"}}
{"logTime": "1122/111847", "correlationVector":"0+uMowgFGB69xn9jWCEInp.112","action":"GetUpdates", "result":"DeleteReceived", "context":{"id":"d057e1a4-fc1e-4495-a767-d429a21f846d", "isDeleted:":"true", "version":"1731403084676"}}
{"logTime": "1122/111847", "correlationVector":"0+uMowgFGB69xn9jWCEInp.113","action":"GetUpdates", "result":"DeleteReceived", "context":{"id":"8c467434-2337-492e-b1fe-53843c647112", "isDeleted:":"true", "version":"1731403084677"}}
{"logTime": "1122/111847", "correlationVector":"0+uMowgFGB69xn9jWCEInp.114","action":"GetUpdates", "result":"DeleteReceived", "context":{"id":"c8eb1f02-a49f-4ea5-bb63-6767bc337d41", "isDeleted:":"true", "version":"1731403084679"}}
{"logTime": "1122/111847", "correlationVector":"0+uMowgFGB69xn9jWCEInp.115","action":"GetUpdates", "result":"DeleteReceived", "context":{"id":"31fa1ee4-ebfe-41f9-91f7-df8b4ec4ff18", "isDeleted:":"true", "version":"1731403589498"}}
{"logTime": "1122/111847", "correlationVector":"0+uMowgFGB69xn9jWCEInp.116","action":"GetUpdates", "result":"DeleteReceived", "context":{"id":"3f5f4f6d-d30e-49c4-b801-046d815ebee9", "isDeleted:":"true", "version":"1731403714617"}}
{"logTime": "1122/111847", "correlationVector":"0+uMowgFGB69xn9jWCEInp.117","action":"GetUpdates", "result":"DeleteReceived", "context":{"id":"f68ce692-69c4-418e-97e8-07933e21226d", "isDeleted:":"true", "version":"1731403714618"}}
{"logTime": "1122/111847", "correlationVector":"0+uMowgFGB69xn9jWCEInp.118","action":"GetUpdates", "result":"DeleteReceived", "context":{"id":"ebcbb5e7-628e-4f38-8392-5a69cacb54a4", "isDeleted:":"true", "version":"1731404369379"}}
{"logTime": "1122/111847", "correlationVector":"0+uMowgFGB69xn9jWCEInp.119","action":"GetUpdates", "result":"DeleteReceived", "context":{"id":"22034d39-e50c-4d3d-8b01-f3744de54e4e", "isDeleted:":"true", "version":"1731404369380"}}
{"logTime": "1122/111847", "correlationVector":"0+uMowgFGB69xn9jWCEInp.120","action":"GetUpdates", "result":"DeleteReceived", "context":{"id":"a7fb9a9c-4616-486f-bb21-56d3c5b788d0", "isDeleted:":"true", "version":"1731410320467"}}
{"logTime": "1122/111847", "correlationVector":"0+uMowgFGB69xn9jWCEInp.121","action":"GetUpdates", "result":"DeleteReceived", "context":{"id":"de8385a5-137c-469b-abfd-8d4b53d31501", "isDeleted:":"true", "version":"1731410320468"}}
{"logTime": "1122/111847", "correlationVector":"0+uMowgFGB69xn9jWCEInp.122","action":"GetUpdates", "result":"DeleteReceived", "context":{"id":"89da0415-f639-4567-bc7d-3d0099e67247", "isDeleted:":"true", "version":"1731410320469"}}
{"logTime": "1122/111847", "correlationVector":"0+uMowgFGB69xn9jWCEInp.123","action":"GetUpdates", "result":"DeleteReceived", "context":{"id":"55400e06-ab14-41e1-b361-e9369bb56c00", "isDeleted:":"true", "version":"1731410320471"}}
{"logTime": "1122/111847", "correlationVector":"0+uMowgFGB69xn9jWCEInp.124","action":"GetUpdates", "result":"DeleteReceived", "context":{"id":"a265e0ba-3805-42d2-8f33-b848ca990681", "isDeleted:":"true", "version":"1731414332322"}}
{"logTime": "1122/111847", "correlationVector":"0+uMowgFGB69xn9jWCEInp.125","action":"GetUpdates", "result":"DeleteReceived", "context":{"id":"b8bda946-49b1-4d9b-ba8d-4b2cf41bffbe", "isDeleted:":"true", "version":"1731414332323"}}
{"logTime": "1122/111847", "correlationVector":"0+uMowgFGB69xn9jWCEInp.126","action":"GetUpdates", "result":"DeleteReceived", "context":{"id":"7794f720-45bc-4817-b4d7-2809339f9662", "isDeleted:":"true", "version":"1731421495863"}}
{"logTime": "1122/111847", "correlationVector":"0+uMowgFGB69xn9jWCEInp.127","action":"GetUpdates", "result":"DeleteReceived", "context":{"id":"43f5818c-5436-4dbe-b1f4-0ef2b4cbd29c", "isDeleted:":"true", "version":"1731423589356"}}
{"logTime": "1122/111847", "correlationVector":"0+uMowgFGB69xn9jWCEInp.128","action":"GetUpdates", "result":"DeleteReceived", "context":{"id":"3f965c4f-b941-4c1d-92be-954b72538b66", "isDeleted:":"true", "version":"1731423589357"}}
{"logTime": "1122/111847", "correlationVector":"0+uMowgFGB69xn9jWCEInp.129","action":"GetUpdates", "result":"DeleteReceived", "context":{"id":"27e9cd0f-2054-4640-80a4-d8d0704565ab", "isDeleted:":"true", "version":"1731423589358"}}
{"logTime": "1122/111847", "correlationVector":"0+uMowgFGB69xn9jWCEInp.130","action":"GetUpdates", "result":"DeleteReceived", "context":{"id":"06a320fb-fcce-407d-ac38-5ac16c0a0646", "isDeleted:":"true", "version":"1731443302498"}}
{"logTime": "1122/111847", "correlationVector":"0+uMowgFGB69xn9jWCEInp.131","action":"GetUpdates", "result":"DeleteReceived", "context":{"id":"84f91da3-5800-46e2-8f6d-26563090f10f", "isDeleted:":"true", "version":"1731495319075"}}
{"logTime": "1122/111847", "correlationVector":"0+uMowgFGB69xn9jWCEInp.132","action":"GetUpdates", "result":"DeleteReceived", "context":{"id":"0a6c5682-c63c-4ed5-9722-339824934622", "isDeleted:":"true", "version":"1731495319077"}}
{"logTime": "1122/111847", "correlationVector":"0+uMowgFGB69xn9jWCEInp.133","action":"GetUpdates", "result":"DeleteReceived", "context":{"id":"3e103b0a-b1ca-4806-9fd0-120e31852cd5", "isDeleted:":"true", "version":"1731495603883"}}
{"logTime": "1122/111847", "correlationVector":"0+uMowgFGB69xn9jWCEInp.134","action":"GetUpdates", "result":"DeleteReceived", "context":{"id":"1f474e89-e5be-478b-abee-c8aca9252751", "isDeleted:":"true", "version":"1731495603886"}}
{"logTime": "1122/111847", "correlationVector":"0+uMowgFGB69xn9jWCEInp.135","action":"GetUpdates", "result":"DeleteReceived", "context":{"id":"48c528c7-e0af-43f0-8704-8d6841f86fe2", "isDeleted:":"true", "version":"1731495659802"}}
{"logTime": "1122/111847", "correlationVector":"0+uMowgFGB69xn9jWCEInp.136","action":"GetUpdates", "result":"DeleteReceived", "context":{"id":"7a722081-ede5-48f3-adfe-a25574b6acaf", "isDeleted:":"true", "version":"1731496092991"}}
{"logTime": "1122/111847", "correlationVector":"0+uMowgFGB69xn9jWCEInp.137","action":"GetUpdates", "result":"DeleteReceived", "context":{"id":"7e148905-41b1-4020-8b1b-6f03e0c1cd89", "isDeleted:":"true", "version":"1731496230583"}}
{"logTime": "1122/111847", "correlationVector":"0+uMowgFGB69xn9jWCEInp.138","action":"GetUpdates", "result":"DeleteReceived", "context":{"id":"69020d0f-f4b1-4dbb-bb91-2aab4035d08c", "isDeleted:":"true", "version":"1731498307776"}}
{"logTime": "1122/111847", "correlationVector":"0+uMowgFGB69xn9jWCEInp.139","action":"GetUpdates", "result":"DeleteReceived", "context":{"id":"ac83c8bd-7967-43ad-b2d2-b9a53a6b4107", "isDeleted:":"true", "version":"1731498346544"}}
{"logTime": "1122/111847", "correlationVector":"0+uMowgFGB69xn9jWCEInp.140","action":"GetUpdates", "result":"DeleteReceived", "context":{"id":"61ef49e8-7797-4e85-9ad9-9a9adeb41c81", "isDeleted:":"true", "version":"1731498626326"}}
{"logTime": "1122/111847", "correlationVector":"0+uMowgFGB69xn9jWCEInp.141","action":"GetUpdates", "result":"DeleteReceived", "context":{"id":"d72c14e2-4e86-48ba-bfe1-c7319e825181", "isDeleted:":"true", "version":"1731498706960"}}
{"logTime": "1122/111847", "correlationVector":"0+uMowgFGB69xn9jWCEInp.142","action":"GetUpdates", "result":"DeleteReceived", "context":{"id":"9fdbd1d8-5e30-4369-8f39-0ed48efb1a64", "isDeleted:":"true", "version":"1731498746701"}}
{"logTime": "1122/111847", "correlationVector":"0+uMowgFGB69xn9jWCEInp.143","action":"GetUpdates", "result":"DeleteReceived", "context":{"id":"dedb4ebd-8d29-4647-8517-8e35430db36c", "isDeleted:":"true", "version":"1731498866460"}}
{"logTime": "1122/111847", "correlationVector":"0+uMowgFGB69xn9jWCEInp.144","action":"GetUpdates", "result":"DeleteReceived", "context":{"id":"fc7c82e2-4371-427a-954d-0c3409d3ec01", "isDeleted:":"true", "version":"1731498866461"}}
{"logTime": "1122/111847", "correlationVector":"0+uMowgFGB69xn9jWCEInp.145","action":"GetUpdates", "result":"DeleteReceived", "context":{"id":"5a588acc-4ae0-4d9f-8f6e-2b051e2d3eff", "isDeleted:":"true", "version":"1731498866462"}}
{"logTime": "1122/111847", "correlationVector":"0+uMowgFGB69xn9jWCEInp.146","action":"GetUpdates", "result":"DeleteReceived", "context":{"id":"152266f0-d6fd-4a23-911c-a8b7aa24a911", "isDeleted:":"true", "version":"1731498866464"}}
{"logTime": "1122/111847", "correlationVector":"0+uMowgFGB69xn9jWCEInp.147","action":"GetUpdates", "result":"DeleteReceived", "context":{"id":"01efd69a-44d0-4ca4-a41f-de1327611b2b", "isDeleted:":"true", "version":"1731498904361"}}
{"logTime": "1122/111847", "correlationVector":"0+uMowgFGB69xn9jWCEInp.148","action":"GetUpdates", "result":"DeleteReceived", "context":{"id":"f7dc72c3-06fd-4122-ba18-b002e6aa179c", "isDeleted:":"true", "version":"1731584617150"}}
{"logTime": "1122/111847", "correlationVector":"0+uMowgFGB69xn9jWCEInp.149","action":"GetUpdates", "result":"DeleteReceived", "context":{"id":"926b608e-e47f-4540-b523-0a8da24018cd", "isDeleted:":"true", "version":"1731584617151"}}
{"logTime": "1122/111847", "correlationVector":"0+uMowgFGB69xn9jWCEInp.150","action":"GetUpdates", "result":"DeleteReceived", "context":{"id":"2e80a8f6-83fa-4f3d-a5f9-1019010ef614", "isDeleted:":"true", "version":"1731584617153"}}
{"logTime": "1122/111847", "correlationVector":"0+uMowgFGB69xn9jWCEInp.151","action":"GetUpdates", "result":"DeleteReceived", "context":{"id":"09724369-ee11-433c-87f2-ec7b4fff1342", "isDeleted:":"true", "version":"1731584944106"}}
{"logTime": "1122/111847", "correlationVector":"0+uMowgFGB69xn9jWCEInp.152","action":"GetUpdates", "result":"DeleteReceived", "context":{"id":"d758ac58-35d6-4403-934e-1601c88cbe4a", "isDeleted:":"true", "version":"1731585521754"}}
{"logTime": "1122/111847", "correlationVector":"0+uMowgFGB69xn9jWCEInp.153","action":"GetUpdates", "result":"DeleteReceived", "context":{"id":"894f7054-c2b8-4847-97ed-eb0b00159d08", "isDeleted:":"true", "version":"1731585521755"}}
{"logTime": "1122/111847", "correlationVector":"0+uMowgFGB69xn9jWCEInp.154","action":"GetUpdates", "result":"DeleteReceived", "context":{"id":"4e8a297e-d83e-4a5f-9674-ea670082bf37", "isDeleted:":"true", "version":"1731585521756"}}
{"logTime": "1122/111847", "correlationVector":"0+uMowgFGB69xn9jWCEInp.155","action":"GetUpdates", "result":"DeleteReceived", "context":{"id":"3e9f6ff3-b0cf-4455-93f3-2c0c4c6b3f7e", "isDeleted:":"true", "version":"1731585521758"}}
{"logTime": "1122/111847", "correlationVector":"0+uMowgFGB69xn9jWCEInp.156","action":"GetUpdates", "result":"DeleteReceived", "context":{"id":"bc08af40-eb08-4efb-b843-ea8b89b05bcf", "isDeleted:":"true", "version":"1731587574707"}}
{"logTime": "1122/111847", "correlationVector":"0+uMowgFGB69xn9jWCEInp.157","action":"GetUpdates", "result":"DeleteReceived", "context":{"id":"9cfa18ba-3889-4a8d-b41f-60a45e77e2d4", "isDeleted:":"true", "version":"1731587574708"}}
{"logTime": "1122/111847", "correlationVector":"0+uMowgFGB69xn9jWCEInp.158","action":"GetUpdates", "result":"DeleteReceived", "context":{"id":"f37d74df-b49b-4a21-8637-6e476fc74635", "isDeleted:":"true", "version":"1731591114498"}}
{"logTime": "1122/111847", "correlationVector":"0+uMowgFGB69xn9jWCEInp.159","action":"GetUpdates", "result":"DeleteReceived", "context":{"id":"eb301956-774c-4b6f-8a45-b8e96414c1cb", "isDeleted:":"true", "version":"1731591159740"}}
{"logTime": "1122/111847", "correlationVector":"0+uMowgFGB69xn9jWCEInp.160","action":"GetUpdates", "result":"DeleteReceived", "context":{"id":"4ffb2721-0f1d-4054-912f-b8e1cb85ccef", "isDeleted:":"true", "version":"1731591877067"}}
{"logTime": "1122/111847", "correlationVector":"0+uMowgFGB69xn9jWCEInp.161","action":"GetUpdates", "result":"DeleteReceived", "context":{"id":"68cd3d6b-f943-4d29-8b7f-dd9d750172e4", "isDeleted:":"true", "version":"1731753231218"}}
{"logTime": "1122/111847", "correlationVector":"0+uMowgFGB69xn9jWCEInp.162","action":"GetUpdates", "result":"DeleteReceived", "context":{"id":"f647d2cf-e1b9-42cb-88c8-a0586aa22370", "isDeleted:":"true", "version":"1731753325544"}}
{"logTime": "1122/111847", "correlationVector":"0+uMowgFGB69xn9jWCEInp.163","action":"GetUpdates", "result":"DeleteReceived", "context":{"id":"adb08e6c-e911-49f6-89c5-3b11e14cd5d7", "isDeleted:":"true", "version":"1731754727430"}}
{"logTime": "1122/111847", "correlationVector":"0+uMowgFGB69xn9jWCEInp.164","action":"GetUpdates", "result":"DeleteReceived", "context":{"id":"f806ee33-f7c8-4f52-bc0e-3243eef4b733", "isDeleted:":"true", "version":"1731756391868"}}
{"logTime": "1122/111847", "correlationVector":"0+uMowgFGB69xn9jWCEInp.165","action":"GetUpdates", "result":"DeleteReceived", "context":{"id":"7bb9fdf0-8d29-4c8d-acce-e1c18e0bc257", "isDeleted:":"true", "version":"1731756456693"}}
{"logTime": "1122/111847", "correlationVector":"0+uMowgFGB69xn9jWCEInp.166","action":"GetUpdates", "result":"DeleteReceived", "context":{"id":"3b95b419-bce4-47b0-8aec-a5834ead914b", "isDeleted:":"true", "version":"1731756940358"}}
{"logTime": "1122/111847", "correlationVector":"0+uMowgFGB69xn9jWCEInp.167","action":"GetUpdates", "result":"DeleteReceived", "context":{"id":"0e4639b5-3c20-4129-a386-ff599150bbeb", "isDeleted:":"true", "version":"1731757013164"}}
{"logTime": "1122/111847", "correlationVector":"0+uMowgFGB69xn9jWCEInp.168","action":"GetUpdates", "result":"DeleteReceived", "context":{"id":"b52eeb85-986e-4746-ba91-ed34a58dc3a7", "isDeleted:":"true", "version":"1731762928395"}}
{"logTime": "1122/111847", "correlationVector":"0+uMowgFGB69xn9jWCEInp.169","action":"GetUpdates", "result":"DeleteReceived", "context":{"id":"fce0d91e-b845-4195-a0ce-f2bf9981c65d", "isDeleted:":"true", "version":"1731762928396"}}
{"logTime": "1122/111847", "correlationVector":"0+uMowgFGB69xn9jWCEInp.170","action":"GetUpdates", "result":"DeleteReceived", "context":{"id":"86223b10-46b2-4520-816e-f4d170dbf799", "isDeleted:":"true", "version":"1731762928397"}}
{"logTime": "1122/111847", "correlationVector":"0+uMowgFGB69xn9jWCEInp.171","action":"GetUpdates", "result":"DeleteReceived", "context":{"id":"e2c1203e-9d12-44ef-838c-fcc1f422b1a1", "isDeleted:":"true", "version":"1731762928399"}}
{"logTime": "1122/111847", "correlationVector":"0+uMowgFGB69xn9jWCEInp.172","action":"GetUpdates", "result":"DeleteReceived", "context":{"id":"983d2c50-4a9b-47d1-8e68-8ecb352afec6", "isDeleted:":"true", "version":"1731763306503"}}
{"logTime": "1122/111847", "correlationVector":"0+uMowgFGB69xn9jWCEInp.173","action":"GetUpdates", "result":"DeleteReceived", "context":{"id":"57196a10-326d-466f-b169-c10d12e72848", "isDeleted:":"true", "version":"1731766662988"}}
{"logTime": "1122/111847", "correlationVector":"0+uMowgFGB69xn9jWCEInp.174","action":"GetUpdates", "result":"DeleteReceived", "context":{"id":"e1e1f3f7-a494-464b-bfa0-d3b788d5d7df", "isDeleted:":"true", "version":"1731766738229"}}
{"logTime": "1122/111847", "correlationVector":"0+uMowgFGB69xn9jWCEInp.175","action":"GetUpdates", "result":"DeleteReceived", "context":{"id":"9a45a893-e88c-443a-96ad-ac590c4ab040", "isDeleted:":"true", "version":"1731767449421"}}
{"logTime": "1122/111847", "correlationVector":"0+uMowgFGB69xn9jWCEInp.176","action":"GetUpdates", "result":"DeleteReceived", "context":{"id":"04f93ce9-5129-450a-9ae1-ddffc06e530d", "isDeleted:":"true", "version":"1731772652999"}}
{"logTime": "1122/111847", "correlationVector":"0+uMowgFGB69xn9jWCEInp.177","action":"GetUpdates", "result":"DeleteReceived", "context":{"id":"88ea58fe-59c1-4f89-9651-a79c9e65697c", "isDeleted:":"true", "version":"1731772971256"}}
{"logTime": "1122/111847", "correlationVector":"0+uMowgFGB69xn9jWCEInp.178","action":"GetUpdates", "result":"DeleteReceived", "context":{"id":"4f586aef-0e7b-4df8-8435-cf50c72be5e0", "isDeleted:":"true", "version":"1731777436301"}}
{"logTime": "1122/111847", "correlationVector":"0+uMowgFGB69xn9jWCEInp.179","action":"GetUpdates", "result":"DeleteReceived", "context":{"id":"14cb300b-abd6-4aed-bd8c-7521bea03784", "isDeleted:":"true", "version":"1731777559841"}}
{"logTime": "1122/111847", "correlationVector":"0+uMowgFGB69xn9jWCEInp.180","action":"GetUpdates", "result":"DeleteReceived", "context":{"id":"0fc83d5c-b77b-4acd-af0b-9b8bc4fa5a84", "isDeleted:":"true", "version":"1731777591505"}}
{"logTime": "1122/111847", "correlationVector":"0+uMowgFGB69xn9jWCEInp.181","action":"GetUpdates", "result":"DeleteReceived", "context":{"id":"703f199e-f581-4527-b169-f76734770f18", "isDeleted:":"true", "version":"1731777689575"}}
{"logTime": "1122/111847", "correlationVector":"0+uMowgFGB69xn9jWCEInp.182","action":"GetUpdates", "result":"DeleteReceived", "context":{"id":"e8238f40-fd27-47e0-bdd3-8dc9662a88f9", "isDeleted:":"true", "version":"1731778099587"}}
{"logTime": "1122/111847", "correlationVector":"0+uMowgFGB69xn9jWCEInp.183","action":"GetUpdates", "result":"DeleteReceived", "context":{"id":"bd4a0257-22e1-4d91-a737-ac343c736974", "isDeleted:":"true", "version":"1731786321170"}}
{"logTime": "1122/111847", "correlationVector":"0+uMowgFGB69xn9jWCEInp.184","action":"GetUpdates", "result":"DeleteReceived", "context":{"id":"b30ecad3-335f-41f1-bca7-db9118ab5851", "isDeleted:":"true", "version":"1731786321172"}}
{"logTime": "1122/111847", "correlationVector":"0+uMowgFGB69xn9jWCEInp.185","action":"GetUpdates", "result":"DeleteReceived", "context":{"id":"a45f7f02-7df6-4955-b020-c9ab5885fa38", "isDeleted:":"true", "version":"1731787239908"}}
{"logTime": "1122/111847", "correlationVector":"0+uMowgFGB69xn9jWCEInp.186","action":"GetUpdates", "result":"DeleteReceived", "context":{"id":"81712b0e-70e6-451e-aef1-766a9e3e190f", "isDeleted:":"true", "version":"1731787239910"}}
{"logTime": "1122/111847", "correlationVector":"0+uMowgFGB69xn9jWCEInp.187","action":"GetUpdates", "result":"DeleteReceived", "context":{"id":"2ff8e041-e84f-4a69-a50d-39cde0e94edf", "isDeleted:":"true", "version":"1731851162087"}}
{"logTime": "1122/111847", "correlationVector":"0+uMowgFGB69xn9jWCEInp.188","action":"GetUpdates", "result":"DeleteReceived", "context":{"id":"e65a8fba-30d1-4e43-b20c-782f1f83e17d", "isDeleted:":"true", "version":"1731852479795"}}
{"logTime": "1122/111847", "correlationVector":"0+uMowgFGB69xn9jWCEInp.189","action":"GetUpdates", "result":"DeleteReceived", "context":{"id":"3807d6f6-e831-437a-a5d8-b5b4c1ef702b", "isDeleted:":"true", "version":"1731864387836"}}
{"logTime": "1122/111847", "correlationVector":"0+uMowgFGB69xn9jWCEInp.190","action":"GetUpdates", "result":"DeleteReceived", "context":{"id":"99851794-2efe-4178-b6a2-ae317e802911", "isDeleted:":"true", "version":"1731865263795"}}
{"logTime": "1122/111847", "correlationVector":"0+uMowgFGB69xn9jWCEInp.191","action":"GetUpdates", "result":"DeleteReceived", "context":{"id":"42812c82-770e-4460-afc7-7943857a42f3", "isDeleted:":"true", "version":"1731865263796"}}
{"logTime": "1122/111847", "correlationVector":"0+uMowgFGB69xn9jWCEInp.192","action":"GetUpdates", "result":"DeleteReceived", "context":{"id":"0eb90d12-438a-4783-8750-5b9a10c3f630", "isDeleted:":"true", "version":"1731865263798"}}
{"logTime": "1122/111847", "correlationVector":"0+uMowgFGB69xn9jWCEInp.193","action":"GetUpdates", "result":"DeleteReceived", "context":{"id":"c423210a-9a26-4ce0-a343-4664f2f1db32", "isDeleted:":"true", "version":"1731865585014"}}
{"logTime": "1122/111847", "correlationVector":"0+uMowgFGB69xn9jWCEInp.194","action":"GetUpdates", "result":"DeleteReceived", "context":{"id":"12db4121-4903-4600-9a95-cafb99c05eee", "isDeleted:":"true", "version":"1731866023050"}}
{"logTime": "1122/111847", "correlationVector":"0+uMowgFGB69xn9jWCEInp.195","action":"GetUpdates", "result":"DeleteReceived", "context":{"id":"3d4519c2-9ffa-4c2e-a6b4-01bef16e9bcd", "isDeleted:":"true", "version":"1731866023053"}}
{"logTime": "1122/111847", "correlationVector":"0+uMowgFGB69xn9jWCEInp.196","action":"GetUpdates", "result":"DeleteReceived", "context":{"id":"8ba188fc-4e5e-45d5-8cf6-5189d7507250", "isDeleted:":"true", "version":"1731867976427"}}
{"logTime": "1122/111847", "correlationVector":"0+uMowgFGB69xn9jWCEInp.197","action":"GetUpdates", "result":"DeleteReceived", "context":{"id":"daba81ef-e0a5-4dcb-82e2-896d1574a1c8", "isDeleted:":"true", "version":"1731867976428"}}
{"logTime": "1122/111847", "correlationVector":"0+uMowgFGB69xn9jWCEInp.198","action":"GetUpdates", "result":"DeleteReceived", "context":{"id":"b7d6b705-0bfc-446b-ba88-5c6033377370", "isDeleted:":"true", "version":"1731870672151"}}
{"logTime": "1122/111847", "correlationVector":"0+uMowgFGB69xn9jWCEInp.199","action":"GetUpdates", "result":"DeleteReceived", "context":{"id":"7638dfef-c6c5-43a0-b796-1238f0bba55e", "isDeleted:":"true", "version":"1732015298624"}}
{"logTime": "1122/111847", "correlationVector":"0+uMowgFGB69xn9jWCEInp.200","action":"GetUpdates", "result":"DeleteReceived", "context":{"id":"563340be-6464-4c7b-a9e2-0670a7185328", "isDeleted:":"true", "version":"1732016027045"}}
{"logTime": "1122/111847", "correlationVector":"0+uMowgFGB69xn9jWCEInp.201","action":"GetUpdates", "result":"DeleteReceived", "context":{"id":"00e471b4-5b08-4e64-99cc-37f5a922aea0", "isDeleted:":"true", "version":"1732016101644"}}
{"logTime": "1122/111847", "correlationVector":"0+uMowgFGB69xn9jWCEInp.202","action":"GetUpdates", "result":"DeleteReceived", "context":{"id":"ffcd2b42-5e18-4aa8-be19-07cb81929026", "isDeleted:":"true", "version":"1732016101645"}}
{"logTime": "1122/111847", "correlationVector":"0+uMowgFGB69xn9jWCEInp.203","action":"GetUpdates", "result":"DeleteReceived", "context":{"id":"afc34e06-a006-4ac4-a284-c8ac5184390c", "isDeleted:":"true", "version":"1732016907303"}}
{"logTime": "1122/111847", "correlationVector":"0+uMowgFGB69xn9jWCEInp.204","action":"GetUpdates", "result":"DeleteReceived", "context":{"id":"f1489e4d-cc78-4524-9486-1455ec1a3799", "isDeleted:":"true", "version":"1732016907304"}}
{"logTime": "1122/111847", "correlationVector":"0+uMowgFGB69xn9jWCEInp.205","action":"GetUpdates", "result":"DeleteReceived", "context":{"id":"c1c10d2a-710b-47d3-a4be-fe5b1816e90f", "isDeleted:":"true", "version":"1732019852016"}}
{"logTime": "1122/111847", "correlationVector":"0+uMowgFGB69xn9jWCEInp.206","action":"GetUpdates", "result":"DeleteReceived", "context":{"id":"6b559daf-cab3-48d1-9a39-c88dc9b69c6d", "isDeleted:":"true", "version":"1732045078638"}}
{"logTime": "1122/111847", "correlationVector":"0+uMowgFGB69xn9jWCEInp.207","action":"GetUpdates", "result":"DeleteReceived", "context":{"id":"0b1431ab-f841-42b9-b841-cfa1d0c099bd", "isDeleted:":"true", "version":"1732045078639"}}
{"logTime": "1122/111847", "correlationVector":"0+uMowgFGB69xn9jWCEInp.208","action":"GetUpdates", "result":"DeleteReceived", "context":{"id":"b6212596-5a2e-4f15-9e26-07e91c0ca32b", "isDeleted:":"true", "version":"1732045078642"}}
{"logTime": "1122/111847", "correlationVector":"0+uMowgFGB69xn9jWCEInp.209","action":"GetUpdates", "result":"DeleteReceived", "context":{"id":"565339d6-eb08-48e0-9aaa-694afd51af6e", "isDeleted:":"true", "version":"1732045078643"}}
{"logTime": "1122/111847", "correlationVector":"0+uMowgFGB69xn9jWCEInp.210","action":"GetUpdates", "result":"DeleteReceived", "context":{"id":"897af096-57b6-4e7c-a79c-ebbc65b9924c", "isDeleted:":"true", "version":"1732045112138"}}
{"logTime": "1122/111847", "correlationVector":"0+uMowgFGB69xn9jWCEInp.211","action":"GetUpdates", "result":"DeleteReceived", "context":{"id":"a934d206-4785-459a-86e4-b209ac5f3e3b", "isDeleted:":"true", "version":"1732046942861"}}
{"logTime": "1122/111847", "correlationVector":"0+uMowgFGB69xn9jWCEInp.212","action":"GetUpdates", "result":"DeleteReceived", "context":{"id":"339662f7-28d9-420d-9a2f-365b06d81ecc", "isDeleted:":"true", "version":"1732048944274"}}
{"logTime": "1122/111847", "correlationVector":"0+uMowgFGB69xn9jWCEInp.213","action":"GetUpdates", "result":"DeleteReceived", "context":{"id":"5e15ca7c-d8b8-43e8-8a2d-5e01c61ce203", "isDeleted:":"true", "version":"1732048944275"}}
{"logTime": "1122/111847", "correlationVector":"0+uMowgFGB69xn9jWCEInp.214","action":"GetUpdates", "result":"DeleteReceived", "context":{"id":"54212200-76d5-4225-bc7d-52b0ef91806e", "isDeleted:":"true", "version":"1732048944276"}}
{"logTime": "1122/111847", "correlationVector":"0+uMowgFGB69xn9jWCEInp.215","action":"GetUpdates", "result":"DeleteReceived", "context":{"id":"c7b39376-4a7a-4091-b368-62ef8e4be41b", "isDeleted:":"true", "version":"1732048944278"}}
{"logTime": "1122/111847", "correlationVector":"0+uMowgFGB69xn9jWCEInp.216","action":"GetUpdates", "result":"DeleteReceived", "context":{"id":"c0d77be7-bccd-4317-b395-f0a25aa28133", "isDeleted:":"true", "version":"1732101043846"}}
{"logTime": "1122/111847", "correlationVector":"0+uMowgFGB69xn9jWCEInp.217","action":"GetUpdates", "result":"DeleteReceived", "context":{"id":"c1d9b704-834f-4796-9c9d-3604d7dc8d7a", "isDeleted:":"true", "version":"1732101043847"}}
{"logTime": "1122/111847", "correlationVector":"0+uMowgFGB69xn9jWCEInp.218","action":"GetUpdates", "result":"DeleteReceived", "context":{"id":"da03eb82-95ee-4b9f-b8ba-70dfc6e376d8", "isDeleted:":"true", "version":"1732101043848"}}
{"logTime": "1122/111847", "correlationVector":"0+uMowgFGB69xn9jWCEInp.219","action":"GetUpdates", "result":"DeleteReceived", "context":{"id":"3deb0ed0-70db-4c23-b7a0-536c095dda01", "isDeleted:":"true", "version":"1732101043850"}}
{"logTime": "1122/111847", "correlationVector":"0+uMowgFGB69xn9jWCEInp.220","action":"GetUpdates", "result":"DeleteReceived", "context":{"id":"ca3651b3-9071-44d1-951c-e0a9482b9948", "isDeleted:":"true", "version":"1732103472998"}}
{"logTime": "1122/111847", "correlationVector":"0+uMowgFGB69xn9jWCEInp.221","action":"GetUpdates", "result":"DeleteReceived", "context":{"id":"1825c4bd-8caa-4c1e-aebd-5222d088552d", "isDeleted:":"true", "version":"1732103472999"}}
{"logTime": "1122/111847", "correlationVector":"0+uMowgFGB69xn9jWCEInp.222","action":"GetUpdates", "result":"DeleteReceived", "context":{"id":"ccf6d25f-c357-40fd-ba97-989f6d5516a1", "isDeleted:":"true", "version":"1732104583471"}}
{"logTime": "1122/111847", "correlationVector":"0+uMowgFGB69xn9jWCEInp.223","action":"GetUpdates", "result":"DeleteReceived", "context":{"id":"5a2f5751-488e-41fe-be29-3a6b5bd37775", "isDeleted:":"true", "version":"1732105112303"}}
{"logTime": "1122/111847", "correlationVector":"0+uMowgFGB69xn9jWCEInp.224","action":"GetUpdates", "result":"DeleteReceived", "context":{"id":"541de6d8-c8cc-4d31-a4d9-bb014219f8d2", "isDeleted:":"true", "version":"1732105112305"}}
{"logTime": "1122/111847", "correlationVector":"0+uMowgFGB69xn9jWCEInp.225","action":"GetUpdates", "result":"DeleteReceived", "context":{"id":"0d425bc7-b6b2-4112-8233-3a73bec0d677", "isDeleted:":"true", "version":"1732112433856"}}
{"logTime": "1122/111847", "correlationVector":"0+uMowgFGB69xn9jWCEInp.226","action":"GetUpdates", "result":"DeleteReceived", "context":{"id":"a20b587c-c181-4ab2-8fcf-7fccfc9e541d", "isDeleted:":"true", "version":"1732112433857"}}
{"logTime": "1122/111847", "correlationVector":"0+uMowgFGB69xn9jWCEInp.227","action":"GetUpdates", "result":"DeleteReceived", "context":{"id":"1c30aeb0-5450-468c-9760-98e3690f2800", "isDeleted:":"true", "version":"1732161999346"}}
{"logTime": "1122/111847", "correlationVector":"0+uMowgFGB69xn9jWCEInp.228","action":"GetUpdates", "result":"DeleteReceived", "context":{"id":"d979af26-e4c6-4d43-9ca5-6b62c3064949", "isDeleted:":"true", "version":"1732165577408"}}
{"logTime": "1122/111847", "correlationVector":"0+uMowgFGB69xn9jWCEInp.229","action":"GetUpdates", "result":"DeleteReceived", "context":{"id":"3eb5c148-cc6d-4d35-aac9-c6cc4efe9282", "isDeleted:":"true", "version":"1732168131757"}}
{"logTime": "1122/111847", "correlationVector":"0+uMowgFGB69xn9jWCEInp.230","action":"GetUpdates", "result":"DeleteReceived", "context":{"id":"1ec62695-69b5-408f-a3e3-26f91740972b", "isDeleted:":"true", "version":"1732168361282"}}
{"logTime": "1122/111847", "correlationVector":"0+uMowgFGB69xn9jWCEInp.231","action":"GetUpdates", "result":"DeleteReceived", "context":{"id":"65f623fd-fd0e-4b2c-8aa3-456d97a56348", "isDeleted:":"true", "version":"1732170144197"}}
{"logTime": "1122/111847", "correlationVector":"0+uMowgFGB69xn9jWCEInp.232","action":"GetUpdates", "result":"DeleteReceived", "context":{"id":"7d3aaddd-d1cc-4b5e-9091-a06d985eb252", "isDeleted:":"true", "version":"1732170144198"}}
{"logTime": "1122/111847", "correlationVector":"0+uMowgFGB69xn9jWCEInp.233","action":"GetUpdates", "result":"DeleteReceived", "context":{"id":"11d9b78e-4f2f-4d6f-b458-865b09332c05", "isDeleted:":"true", "version":"1732170144199"}}
{"logTime": "1122/111847", "correlationVector":"0+uMowgFGB69xn9jWCEInp.234","action":"GetUpdates", "result":"DeleteReceived", "context":{"id":"e15cb867-cc0a-46d2-bec3-c0b386d75071", "isDeleted:":"true", "version":"1732170144201"}}
{"logTime": "1122/111847", "correlationVector":"0+uMowgFGB69xn9jWCEInp.235","action":"GetUpdates Response", "result":"Success", "context":Received 250 update(s). cV=0+uMowgFGB69xn9jWCEInp.0;server=general0100001E;cloudType=Consumer;environment=Prod_WestEurope_000l;migrationStage=NotStarted Some updates remain.}
{"logTime": "1122/111847", "correlationVector":"KqJrfiqp3cpNR2rRFD8yBj","action":"Initial GetUpdates", "result":"", "context":Reason: NEWLY_SUPPORTED_DATATYPE. cV=KqJrfiqp3cpNR2rRFD8yBj}
{"logTime": "1122/111847", "correlationVector":"KqJrfiqp3cpNR2rRFD8yBj.1","action":"SyncServerConnectionManagerRequest", "result":"SYNC_SERVER_OK", "context":{"environment":"Prod_WestEurope_000l", "migrationStage":"NotStarted", "server":"GENERAL01000004"}}
{"logTime": "1122/111847", "correlationVector":"KqJrfiqp3cpNR2rRFD8yBj.2","action":"GetUpdates", "result":"DeleteReceived", "context":{"id":"60187edd-4694-44a7-9c0d-76ffdbaebe1f", "isDeleted:":"true", "version":"1732273078383"}}
{"logTime": "1122/111847", "correlationVector":"KqJrfiqp3cpNR2rRFD8yBj.3","action":"GetUpdates", "result":"DeleteReceived", "context":{"id":"e7413767-1634-462d-9438-c971527e341f", "isDeleted:":"true", "version":"1732273194177"}}
{"logTime": "1122/111847", "correlationVector":"KqJrfiqp3cpNR2rRFD8yBj.4","action":"GetUpdates", "result":"DeleteReceived", "context":{"id":"1073e142-85c8-4797-81f0-c7afc0229fb2", "isDeleted:":"true", "version":"1732273194180"}}
{"logTime": "1122/111847", "correlationVector":"KqJrfiqp3cpNR2rRFD8yBj.5","action":"GetUpdates", "result":"DeleteReceived", "context":{"id":"503456c2-9e9e-43e3-af34-c281485e5d17", "isDeleted:":"true", "version":"1732273194181"}}
{"logTime": "1122/111847", "correlationVector":"KqJrfiqp3cpNR2rRFD8yBj.6","action":"GetUpdates", "result":"DeleteReceived", "context":{"id":"6e1843b2-a402-47a8-873b-a95d72feaf42", "isDeleted:":"true", "version":"1732273248022"}}
{"logTime": "1122/111847", "correlationVector":"KqJrfiqp3cpNR2rRFD8yBj.7","action":"GetUpdates", "result":"DeleteReceived", "context":{"id":"e3d56147-4677-4b54-af12-108ff6a5856a", "isDeleted:":"true", "version":"1732273585628"}}
{"logTime": "1122/111847", "correlationVector":"KqJrfiqp3cpNR2rRFD8yBj.8","action":"GetUpdates", "result":"DeleteReceived", "context":{"id":"15e3c050-05ee-4828-9f7c-c583c90a73a2", "isDeleted:":"true", "version":"1732273585631"}}
{"logTime": "1122/111847", "correlationVector":"KqJrfiqp3cpNR2rRFD8yBj.9","action":"GetUpdates", "result":"DeleteReceived", "context":{"id":"08fc7b72-dca5-4886-a575-608e6c3941ae", "isDeleted:":"true", "version":"1732274320986"}}
{"logTime": "1122/111847", "correlationVector":"KqJrfiqp3cpNR2rRFD8yBj.10","action":"GetUpdates", "result":"DeleteReceived", "context":{"id":"096566b7-89e9-4d98-8416-33e35839b8c6", "isDeleted:":"true", "version":"1732274320989"}}
{"logTime": "1122/111847", "correlationVector":"KqJrfiqp3cpNR2rRFD8yBj.11","action":"GetUpdates", "result":"DeleteReceived", "context":{"id":"dd57330e-a204-4992-a6d2-dd2fef4becea", "isDeleted:":"true", "version":"1732274320990"}}
{"logTime": "1122/111847", "correlationVector":"KqJrfiqp3cpNR2rRFD8yBj.12","action":"GetUpdates", "result":"DeleteReceived", "context":{"id":"3e94982f-c405-4e04-81c4-9989480fd770", "isDeleted:":"true", "version":"1732274320991"}}
{"logTime": "1122/111847", "correlationVector":"KqJrfiqp3cpNR2rRFD8yBj.13","action":"GetUpdates Response", "result":"Success", "context":Received 16 update(s). cV=KqJrfiqp3cpNR2rRFD8yBj.0;server=GENERAL01000004;cloudType=Consumer;environment=Prod_WestEurope_000l;migrationStage=NotStarted}
{"logTime": "1122/111847", "correlationVector":"tI1QGSHgI/+nCMGBBQMGen","action":"Normal GetUpdate request", "result":"", "context":cV=tI1QGSHgI/+nCMGBBQMGen
Nudged types: Sessions, Device Info, User Consents
Refresh requested types: Bookmarks, Preferences, Passwords, Autofill Profiles, Autofill, Typed URLs, Extensions, Sessions, Extension settings, History Delete Directives, Device Info, User Consents, Send Tab To Self, Web Apps, Collection, Edge E Drop, Edge Hub App Usage, Edge Tab Group, Edge Wallet, Encryption Keys}
{"logTime": "1122/111847", "correlationVector":"tI1QGSHgI/+nCMGBBQMGen.1","action":"SyncServerConnectionManagerRequest", "result":"SYNC_SERVER_OK", "context":{"environment":"Prod_WestEurope_000l", "migrationStage":"NotStarted", "server":"GENERAL0100000U"}}
{"logTime": "1122/111847", "correlationVector":"tI1QGSHgI/+nCMGBBQMGen.2","action":"GetUpdates Response", "result":"Success", "context":Received 0 update(s). cV=tI1QGSHgI/+nCMGBBQMGen.0;server=GENERAL0100000U;cloudType=Consumer;environment=Prod_WestEurope_000l;migrationStage=NotStarted}
{"logTime": "1122/111848", "correlationVector":"6lozPAy+jnh4cA3yV5Fuj1","action":"Commit Request", "result":"", "context":Item count: 6
Contributing types: Typed URLs, Sessions, Device Info, User Consents}
{"logTime": "1122/111849", "correlationVector":"6lozPAy+jnh4cA3yV5Fuj1.1","action":"SyncServerConnectionManagerRequest", "result":"SYNC_SERVER_OK", "context":{"environment":"Prod_WestEurope_000l", "migrationStage":"NotStarted", "server":"GENERAL0100000Z"}}
{"logTime": "1122/111849", "correlationVector":"6lozPAy+jnh4cA3yV5Fuj1.2","action":"Commit Response", "result":"Success", "context":Result: Success. cV=6lozPAy+jnh4cA3yV5Fuj1.0;server=GENERAL0100000Z;cloudType=Consumer;environment=Prod_WestEurope_000l;migrationStage=NotStarted}
{"logTime": "1122/111849", "correlationVector":"KpB/V2u3K1x0nZcvu7M3Lz","action":"Commit Request", "result":"", "context":Item count: 1
Contributing types: Edge Hub App Usage}
{"logTime": "1122/111849", "correlationVector":"KpB/V2u3K1x0nZcvu7M3Lz.1","action":"SyncServerConnectionManagerRequest", "result":"SYNC_SERVER_OK", "context":{"environment":"Prod_WestEurope_000l", "migrationStage":"NotStarted", "server":"general0100000H"}}
{"logTime": "1122/111849", "correlationVector":"KpB/V2u3K1x0nZcvu7M3Lz.2","action":"Commit Response", "result":"Success", "context":Result: Success. cV=KpB/V2u3K1x0nZcvu7M3Lz.0;server=general0100000H;cloudType=Consumer;environment=Prod_WestEurope_000l;migrationStage=NotStarted}
{"logTime": "1122/112010", "correlationVector":"NiW1JgbEj2UwWCdkcoabk8","action":"Commit Request", "result":"", "context":Item count: 40
Contributing types: Passwords}
{"logTime": "1122/112013", "correlationVector":"NiW1JgbEj2UwWCdkcoabk8.1","action":"SyncServerConnectionManagerRequest", "result":"SYNC_SERVER_OK", "context":{"environment":"Prod_WestEurope_000l", "migrationStage":"NotStarted", "server":"GENERAL0100001D"}}
{"logTime": "1122/112013", "correlationVector":"NiW1JgbEj2UwWCdkcoabk8.2","action":"Commit Response", "result":"Success", "context":Result: Success. cV=NiW1JgbEj2UwWCdkcoabk8.0;server=GENERAL0100001D;cloudType=Consumer;environment=Prod_WestEurope_000l;migrationStage=NotStarted}
{"logTime": "1122/112013", "correlationVector":"kE1Jj/UAhtqcgmH+Hz1pbj","action":"Commit Request", "result":"", "context":Item count: 28
Contributing types: Preferences, Passwords}
{"logTime": "1122/112014", "correlationVector":"kE1Jj/UAhtqcgmH+Hz1pbj.1","action":"SyncServerConnectionManagerRequest", "result":"SYNC_SERVER_OK", "context":{"environment":"Prod_WestEurope_000l", "migrationStage":"NotStarted", "server":"GENERAL01000000"}}
{"logTime": "1122/112014", "correlationVector":"kE1Jj/UAhtqcgmH+Hz1pbj.2","action":"Commit Response", "result":"Success", "context":Result: Success. cV=kE1Jj/UAhtqcgmH+Hz1pbj.0;server=GENERAL01000000;cloudType=Consumer;environment=Prod_WestEurope_000l;migrationStage=NotStarted}
